Using pre-set license
Built from '2020.3/staging' branch; Version is '2020.3.10f1 (297d780c91bc) revision 2719096'; Using compiler version '192528614'; Build Type 'Release'
OS: 'Windows 10 Home; OS build 19042.985; Version 2009; 64bit' Language: 'en' Physical Memory: 16333 MB
BatchMode: 1, IsHumanControllingUs: 0, StartBugReporterOnCrash: 0, Is64bit: 1, IsPro: 0

 COMMAND LINE ARGUMENTS:
C:\Program Files\Unity\Hub\Editor\2020.3.10f1\Editor\Unity.exe
-adb2
-batchMode
-noUpm
-name
AssetImportWorker1
-projectPath
C:/Users/cvasi/Desktop/Game_Games/Game Jam/Moon Jam 2021/Delivery-Depot/Delivery Depot
-logFile
Logs/AssetImportWorker1.log
-srvPort
50078
Successfully changed project path to: C:/Users/cvasi/Desktop/Game_Games/Game Jam/Moon Jam 2021/Delivery-Depot/Delivery Depot
C:/Users/cvasi/Desktop/Game_Games/Game Jam/Moon Jam 2021/Delivery-Depot/Delivery Depot
Using Asset Import Pipeline V2.
Refreshing native plugins compatible for Editor in 25.91 ms, found 2 plugins.
Preloading 0 native plugins for Editor in 0.00 ms.
Initialize engine version: 2020.3.10f1 (297d780c91bc)
[Subsystems] Discovering subsystems at path C:/Program Files/Unity/Hub/Editor/2020.3.10f1/Editor/Data/Resources/UnitySubsystems
[Subsystems] Discovering subsystems at path C:/Users/cvasi/Desktop/Game_Games/Game Jam/Moon Jam 2021/Delivery-Depot/Delivery Depot/Assets
GfxDevice: creating device client; threaded=0
Direct3D:
    Version:  Direct3D 11.0 [level 11.1]
    Renderer: NVIDIA GeForce RTX 2070 SUPER (ID=0x1e84)
    Vendor:   
    VRAM:     8011 MB
    Driver:   27.21.14.6172
Initialize mono
Mono path[0] = 'C:/Program Files/Unity/Hub/Editor/2020.3.10f1/Editor/Data/Managed'
Mono path[1] = 'C:/Program Files/Unity/Hub/Editor/2020.3.10f1/Editor/Data/MonoBleedingEdge/lib/mono/unityjit'
Mono config path = 'C:/Program Files/Unity/Hub/Editor/2020.3.10f1/Editor/Data/MonoBleedingEdge/etc'
Using monoOptions --debugger-agent=transport=dt_socket,embedding=1,server=y,suspend=n,address=127.0.0.1:56896
Begin MonoManager ReloadAssembly
Registering precompiled unity dll's ...
Register platform support module: C:/Program Files/Unity/Hub/Editor/2020.3.10f1/Editor/Data/PlaybackEngines/WindowsStandaloneSupport/UnityEditor.WindowsStandalone.Extensions.dll
Registered in 0.001573 seconds.
Native extension for WindowsStandalone target not found
Refreshing native plugins compatible for Editor in 24.01 ms, found 2 plugins.
Preloading 0 native plugins for Editor in 0.00 ms.
Mono: successfully reloaded assembly
- Completed reload, in  2.189 seconds
Platform modules already initialized, skipping
Registering precompiled user dll's ...
Registered in 0.003004 seconds.
Begin MonoManager ReloadAssembly
Native extension for WindowsStandalone target not found
Refreshing native plugins compatible for Editor in 0.29 ms, found 2 plugins.
Preloading 0 native plugins for Editor in 0.00 ms.
Mono: successfully reloaded assembly
- Completed reload, in  0.870 seconds
Platform modules already initialized, skipping
========================================================================
Worker process is ready to serve import requests
Launched and connected shader compiler UnityShaderCompiler.exe after 0.03 seconds
Refreshing native plugins compatible for Editor in 0.38 ms, found 2 plugins.
Preloading 0 native plugins for Editor in 0.00 ms.
Unloading 1394 Unused Serialized files (Serialized files now loaded: 0)
System memory in use before: 65.4 MB.
System memory in use after: 65.4 MB.

Unloading 19 unused Assets to reduce memory usage. Loaded Objects now: 1828.
Total: 1.742900 ms (FindLiveObjects: 0.131300 ms CreateObjectMapping: 0.031500 ms MarkObjects: 1.509200 ms  DeleteObjects: 0.069800 ms)

========================================================================
Received Import Request.
  path: ProjectSettings/TagManager.asset
  artifactKey: Guid(00000000000000003000000000000000) Importer(815301076,1909f56bfc062723c751e8b465ee728b)
Start importing ProjectSettings/TagManager.asset using Guid(00000000000000003000000000000000) Importer(815301076,1909f56bfc062723c751e8b465ee728b)  -> (artifact id: 'f0061696581d88ce70a77262089e0bb6') in 0.027421 seconds
  Import took 0.029326 seconds .

========================================================================
Received Prepare
Registering precompiled user dll's ...
Registered in 0.002923 seconds.
Begin MonoManager ReloadAssembly
Native extension for WindowsStandalone target not found
Refreshing native plugins compatible for Editor in 0.29 ms, found 2 plugins.
Preloading 0 native plugins for Editor in 0.00 ms.
Mono: successfully reloaded assembly
- Completed reload, in  0.812 seconds
Platform modules already initialized, skipping
Refreshing native plugins compatible for Editor in 0.28 ms, found 2 plugins.
Preloading 0 native plugins for Editor in 0.00 ms.
Unloading 1389 Unused Serialized files (Serialized files now loaded: 0)
System memory in use before: 65.3 MB.
System memory in use after: 65.4 MB.

Unloading 15 unused Assets to reduce memory usage. Loaded Objects now: 1831.
Total: 1.629000 ms (FindLiveObjects: 0.127400 ms CreateObjectMapping: 0.034900 ms MarkObjects: 1.416900 ms  DeleteObjects: 0.048600 ms)

========================================================================
Received Import Request.
  Time since last request: 3552.834635 seconds.
  path: ProjectSettings/TagManager.asset
  artifactKey: Guid(00000000000000003000000000000000) Importer(815301076,1909f56bfc062723c751e8b465ee728b)
Start importing ProjectSettings/TagManager.asset using Guid(00000000000000003000000000000000) Importer(815301076,1909f56bfc062723c751e8b465ee728b)  -> (artifact id: '62ea719a467813d43c20195413c05c8b') in 0.017298 seconds
  Import took 0.019543 seconds .

========================================================================
Received Import Request.
  Time since last request: 0.000482 seconds.
  path: ProjectSettings/TagManager.asset
  artifactKey: Guid(00000000000000003000000000000000) Importer(815301076,1909f56bfc062723c751e8b465ee728b)
Start importing ProjectSettings/TagManager.asset using Guid(00000000000000003000000000000000) Importer(815301076,1909f56bfc062723c751e8b465ee728b)  -> (artifact id: '62ea719a467813d43c20195413c05c8b') in 0.002542 seconds
  Import took 0.004844 seconds .

========================================================================
Received Prepare
Registering precompiled user dll's ...
Registered in 0.003166 seconds.
Begin MonoManager ReloadAssembly
Native extension for WindowsStandalone target not found
Refreshing native plugins compatible for Editor in 0.30 ms, found 2 plugins.
Preloading 0 native plugins for Editor in 0.00 ms.
Mono: successfully reloaded assembly
- Completed reload, in  0.838 seconds
Platform modules already initialized, skipping
Refreshing native plugins compatible for Editor in 0.40 ms, found 2 plugins.
Preloading 0 native plugins for Editor in 0.00 ms.
Unloading 1389 Unused Serialized files (Serialized files now loaded: 0)
System memory in use before: 65.3 MB.
System memory in use after: 65.4 MB.

Unloading 16 unused Assets to reduce memory usage. Loaded Objects now: 1834.
Total: 1.610600 ms (FindLiveObjects: 0.117800 ms CreateObjectMapping: 0.031500 ms MarkObjects: 1.404700 ms  DeleteObjects: 0.055600 ms)

========================================================================
Received Prepare
Registering precompiled user dll's ...
Registered in 0.002980 seconds.
Begin MonoManager ReloadAssembly
Native extension for WindowsStandalone target not found
Refreshing native plugins compatible for Editor in 0.28 ms, found 2 plugins.
Preloading 0 native plugins for Editor in 0.00 ms.
Mono: successfully reloaded assembly
- Completed reload, in  0.820 seconds
Platform modules already initialized, skipping
Refreshing native plugins compatible for Editor in 0.27 ms, found 2 plugins.
Preloading 0 native plugins for Editor in 0.00 ms.
Unloading 1389 Unused Serialized files (Serialized files now loaded: 0)
System memory in use before: 65.3 MB.
System memory in use after: 65.4 MB.

Unloading 14 unused Assets to reduce memory usage. Loaded Objects now: 1837.
Total: 1.516300 ms (FindLiveObjects: 0.127000 ms CreateObjectMapping: 0.030700 ms MarkObjects: 1.316300 ms  DeleteObjects: 0.041500 ms)

========================================================================
Received Prepare
Registering precompiled user dll's ...
Registered in 0.003308 seconds.
Begin MonoManager ReloadAssembly
Native extension for WindowsStandalone target not found
Refreshing native plugins compatible for Editor in 0.32 ms, found 2 plugins.
Preloading 0 native plugins for Editor in 0.00 ms.
Mono: successfully reloaded assembly
- Completed reload, in  0.857 seconds
Platform modules already initialized, skipping
Refreshing native plugins compatible for Editor in 0.29 ms, found 2 plugins.
Preloading 0 native plugins for Editor in 0.00 ms.
Unloading 1389 Unused Serialized files (Serialized files now loaded: 0)
System memory in use before: 65.4 MB.
System memory in use after: 65.4 MB.

Unloading 14 unused Assets to reduce memory usage. Loaded Objects now: 1840.
Total: 1.775500 ms (FindLiveObjects: 0.151800 ms CreateObjectMapping: 0.030100 ms MarkObjects: 1.542500 ms  DeleteObjects: 0.049600 ms)

========================================================================
Received Prepare
Registering precompiled user dll's ...
Registered in 0.002933 seconds.
Begin MonoManager ReloadAssembly
Native extension for WindowsStandalone target not found
Refreshing native plugins compatible for Editor in 0.28 ms, found 2 plugins.
Preloading 0 native plugins for Editor in 0.00 ms.
Mono: successfully reloaded assembly
- Completed reload, in  0.847 seconds
Platform modules already initialized, skipping
Refreshing native plugins compatible for Editor in 0.29 ms, found 2 plugins.
Preloading 0 native plugins for Editor in 0.00 ms.
Unloading 1389 Unused Serialized files (Serialized files now loaded: 0)
System memory in use before: 65.4 MB.
System memory in use after: 65.4 MB.

Unloading 14 unused Assets to reduce memory usage. Loaded Objects now: 1843.
Total: 1.841500 ms (FindLiveObjects: 0.159900 ms CreateObjectMapping: 0.032100 ms MarkObjects: 1.601900 ms  DeleteObjects: 0.046000 ms)

========================================================================
Received Prepare
Registering precompiled user dll's ...
Registered in 0.004142 seconds.
Begin MonoManager ReloadAssembly
Native extension for WindowsStandalone target not found
Refreshing native plugins compatible for Editor in 0.28 ms, found 2 plugins.
Preloading 0 native plugins for Editor in 0.00 ms.
Mono: successfully reloaded assembly
- Completed reload, in  0.817 seconds
Platform modules already initialized, skipping
Refreshing native plugins compatible for Editor in 0.29 ms, found 2 plugins.
Preloading 0 native plugins for Editor in 0.00 ms.
Unloading 1389 Unused Serialized files (Serialized files now loaded: 0)
System memory in use before: 65.4 MB.
System memory in use after: 65.4 MB.

Unloading 14 unused Assets to reduce memory usage. Loaded Objects now: 1846.
Total: 1.543300 ms (FindLiveObjects: 0.134200 ms CreateObjectMapping: 0.031200 ms MarkObjects: 1.333400 ms  DeleteObjects: 0.043300 ms)

========================================================================
Received Prepare
Registering precompiled user dll's ...
Registered in 0.002917 seconds.
Begin MonoManager ReloadAssembly
Native extension for WindowsStandalone target not found
Refreshing native plugins compatible for Editor in 0.29 ms, found 2 plugins.
Preloading 0 native plugins for Editor in 0.00 ms.
Mono: successfully reloaded assembly
- Completed reload, in  0.801 seconds
Platform modules already initialized, skipping
Refreshing native plugins compatible for Editor in 0.30 ms, found 2 plugins.
Preloading 0 native plugins for Editor in 0.00 ms.
Unloading 1389 Unused Serialized files (Serialized files now loaded: 0)
System memory in use before: 65.4 MB.
System memory in use after: 65.5 MB.

Unloading 14 unused Assets to reduce memory usage. Loaded Objects now: 1849.
Total: 1.770100 ms (FindLiveObjects: 0.116800 ms CreateObjectMapping: 0.036500 ms MarkObjects: 1.574500 ms  DeleteObjects: 0.041400 ms)

========================================================================
Received Import Request.
  Time since last request: 902.257313 seconds.
  path: Assets/Prefabs/Police/Police.prefab
  artifactKey: Guid(b708466d8b8d8c74d90988826a528ec2) Importer(815301076,1909f56bfc062723c751e8b465ee728b)
Start importing Assets/Prefabs/Police/Police.prefab using Guid(b708466d8b8d8c74d90988826a528ec2) Importer(815301076,1909f56bfc062723c751e8b465ee728b)  -> (artifact id: '1e9372ce0109c32bb86b7feafea11875') in 0.082149 seconds
  Import took 0.084557 seconds .

========================================================================
Received Import Request.
  Time since last request: 3.336301 seconds.
  path: Assets/Scenes/SampleScene.unity
  artifactKey: Guid(9fc0d4010bbf28b4594072e72b8655ab) Importer(815301076,1909f56bfc062723c751e8b465ee728b)
Start importing Assets/Scenes/SampleScene.unity using Guid(9fc0d4010bbf28b4594072e72b8655ab) Importer(815301076,1909f56bfc062723c751e8b465ee728b)  -> (artifact id: '4af835ee5b780842e84da3faec957bb4') in 0.005940 seconds
  Import took 0.008296 seconds .

========================================================================
Received Prepare
Registering precompiled user dll's ...
Registered in 0.002921 seconds.
Begin MonoManager ReloadAssembly
Native extension for WindowsStandalone target not found
Refreshing native plugins compatible for Editor in 0.28 ms, found 2 plugins.
Preloading 0 native plugins for Editor in 0.00 ms.
Mono: successfully reloaded assembly
- Completed reload, in  0.803 seconds
Platform modules already initialized, skipping
Refreshing native plugins compatible for Editor in 0.28 ms, found 2 plugins.
Preloading 0 native plugins for Editor in 0.00 ms.
Unloading 1389 Unused Serialized files (Serialized files now loaded: 0)
System memory in use before: 68.5 MB.
System memory in use after: 68.6 MB.

Unloading 14 unused Assets to reduce memory usage. Loaded Objects now: 1860.
Total: 1.521300 ms (FindLiveObjects: 0.123000 ms CreateObjectMapping: 0.033000 ms MarkObjects: 1.324200 ms  DeleteObjects: 0.040200 ms)

========================================================================
Received Import Request.
  Time since last request: 5.282706 seconds.
  path: Assets/Scenes/Level.unity
  artifactKey: Guid(9fc0d4010bbf28b4594072e72b8655ab) Importer(815301076,1909f56bfc062723c751e8b465ee728b)
Start importing Assets/Scenes/Level.unity using Guid(9fc0d4010bbf28b4594072e72b8655ab) Importer(815301076,1909f56bfc062723c751e8b465ee728b)  -> (artifact id: 'eefa76072fd742afed225134a7f5aeef') in 0.014374 seconds
  Import took 0.016561 seconds .

========================================================================
Received Prepare
Registering precompiled user dll's ...
Registered in 0.003171 seconds.
Begin MonoManager ReloadAssembly
Native extension for WindowsStandalone target not found
Refreshing native plugins compatible for Editor in 0.36 ms, found 2 plugins.
Preloading 0 native plugins for Editor in 0.00 ms.
Mono: successfully reloaded assembly
- Completed reload, in  0.882 seconds
Platform modules already initialized, skipping
Refreshing native plugins compatible for Editor in 0.29 ms, found 2 plugins.
Preloading 0 native plugins for Editor in 0.00 ms.
Unloading 1389 Unused Serialized files (Serialized files now loaded: 0)
System memory in use before: 68.5 MB.
System memory in use after: 68.6 MB.

Unloading 14 unused Assets to reduce memory usage. Loaded Objects now: 1863.
Total: 1.539500 ms (FindLiveObjects: 0.142500 ms CreateObjectMapping: 0.031100 ms MarkObjects: 1.325300 ms  DeleteObjects: 0.039600 ms)

========================================================================
Received Prepare
Registering precompiled user dll's ...
Registered in 0.003438 seconds.
Begin MonoManager ReloadAssembly
Native extension for WindowsStandalone target not found
Refreshing native plugins compatible for Editor in 0.29 ms, found 2 plugins.
Preloading 0 native plugins for Editor in 0.00 ms.
Mono: successfully reloaded assembly
- Completed reload, in  0.879 seconds
Platform modules already initialized, skipping
Refreshing native plugins compatible for Editor in 0.31 ms, found 2 plugins.
Preloading 0 native plugins for Editor in 0.00 ms.
Unloading 1389 Unused Serialized files (Serialized files now loaded: 0)
System memory in use before: 68.5 MB.
System memory in use after: 68.6 MB.

Unloading 14 unused Assets to reduce memory usage. Loaded Objects now: 1866.
Total: 1.580700 ms (FindLiveObjects: 0.139900 ms CreateObjectMapping: 0.029600 ms MarkObjects: 1.369500 ms  DeleteObjects: 0.040800 ms)

========================================================================
Received Import Request.
  Time since last request: 429.430612 seconds.
  path: Assets/UI/circle.png
  artifactKey: Guid(685f28354d3db864e98699be7de8e40c) Importer(815301076,1909f56bfc062723c751e8b465ee728b)
Start importing Assets/UI/circle.png using Guid(685f28354d3db864e98699be7de8e40c) Importer(815301076,1909f56bfc062723c751e8b465ee728b)  -> (artifact id: '0f573038ad9503aec9266e4e4988f628') in 0.055955 seconds
  Import took 0.058341 seconds .

========================================================================
Received Import Request.
  Time since last request: 47.607278 seconds.
  path: Assets/UI/circle.png
  artifactKey: Guid(685f28354d3db864e98699be7de8e40c) Importer(815301076,1909f56bfc062723c751e8b465ee728b)
Start importing Assets/UI/circle.png using Guid(685f28354d3db864e98699be7de8e40c) Importer(815301076,1909f56bfc062723c751e8b465ee728b)  -> (artifact id: '8518fa37089800f8d54fe0d402ff764c') in 0.021955 seconds
  Import took 0.024140 seconds .

========================================================================
Received Prepare
Registering precompiled user dll's ...
Registered in 0.003075 seconds.
Begin MonoManager ReloadAssembly
Native extension for WindowsStandalone target not found
Refreshing native plugins compatible for Editor in 0.29 ms, found 2 plugins.
Preloading 0 native plugins for Editor in 0.00 ms.
Mono: successfully reloaded assembly
- Completed reload, in  0.844 seconds
Platform modules already initialized, skipping
Refreshing native plugins compatible for Editor in 0.28 ms, found 2 plugins.
Preloading 0 native plugins for Editor in 0.00 ms.
Unloading 1389 Unused Serialized files (Serialized files now loaded: 0)
System memory in use before: 68.6 MB.
System memory in use after: 68.6 MB.

Unloading 14 unused Assets to reduce memory usage. Loaded Objects now: 1872.
Total: 1.550600 ms (FindLiveObjects: 0.134500 ms CreateObjectMapping: 0.030500 ms MarkObjects: 1.339000 ms  DeleteObjects: 0.045600 ms)

========================================================================
Received Prepare
Registering precompiled user dll's ...
Registered in 0.002980 seconds.
Begin MonoManager ReloadAssembly
Native extension for WindowsStandalone target not found
Refreshing native plugins compatible for Editor in 0.28 ms, found 2 plugins.
Preloading 0 native plugins for Editor in 0.00 ms.
Mono: successfully reloaded assembly
- Completed reload, in  0.822 seconds
Platform modules already initialized, skipping
Refreshing native plugins compatible for Editor in 0.29 ms, found 2 plugins.
Preloading 0 native plugins for Editor in 0.00 ms.
Unloading 1389 Unused Serialized files (Serialized files now loaded: 0)
System memory in use before: 68.6 MB.
System memory in use after: 68.6 MB.

Unloading 14 unused Assets to reduce memory usage. Loaded Objects now: 1875.
Total: 1.507600 ms (FindLiveObjects: 0.111900 ms CreateObjectMapping: 0.031200 ms MarkObjects: 1.322600 ms  DeleteObjects: 0.040800 ms)

========================================================================
Received Prepare
Registering precompiled user dll's ...
Registered in 0.002895 seconds.
Begin MonoManager ReloadAssembly
Native extension for WindowsStandalone target not found
Refreshing native plugins compatible for Editor in 0.28 ms, found 2 plugins.
Preloading 0 native plugins for Editor in 0.00 ms.
Mono: successfully reloaded assembly
- Completed reload, in  0.789 seconds
Platform modules already initialized, skipping
Refreshing native plugins compatible for Editor in 0.56 ms, found 2 plugins.
Preloading 0 native plugins for Editor in 0.00 ms.
Unloading 1389 Unused Serialized files (Serialized files now loaded: 0)
System memory in use before: 68.6 MB.
System memory in use after: 68.6 MB.

Unloading 14 unused Assets to reduce memory usage. Loaded Objects now: 1878.
Total: 1.706100 ms (FindLiveObjects: 0.188300 ms CreateObjectMapping: 0.033000 ms MarkObjects: 1.430000 ms  DeleteObjects: 0.053600 ms)

========================================================================
Received Prepare
Registering precompiled user dll's ...
Registered in 0.002955 seconds.
Begin MonoManager ReloadAssembly
Native extension for WindowsStandalone target not found
Refreshing native plugins compatible for Editor in 0.28 ms, found 2 plugins.
Preloading 0 native plugins for Editor in 0.00 ms.
Mono: successfully reloaded assembly
- Completed reload, in  0.843 seconds
Platform modules already initialized, skipping
Refreshing native plugins compatible for Editor in 0.28 ms, found 2 plugins.
Preloading 0 native plugins for Editor in 0.00 ms.
Unloading 1389 Unused Serialized files (Serialized files now loaded: 0)
System memory in use before: 68.6 MB.
System memory in use after: 68.6 MB.

Unloading 14 unused Assets to reduce memory usage. Loaded Objects now: 1881.
Total: 1.538000 ms (FindLiveObjects: 0.119000 ms CreateObjectMapping: 0.031800 ms MarkObjects: 1.343900 ms  DeleteObjects: 0.042500 ms)

========================================================================
Received Prepare
Registering precompiled user dll's ...
Registered in 0.002813 seconds.
Begin MonoManager ReloadAssembly
Native extension for WindowsStandalone target not found
Refreshing native plugins compatible for Editor in 0.32 ms, found 2 plugins.
Preloading 0 native plugins for Editor in 0.00 ms.
Mono: successfully reloaded assembly
- Completed reload, in  0.895 seconds
Platform modules already initialized, skipping
Refreshing native plugins compatible for Editor in 0.28 ms, found 2 plugins.
Preloading 0 native plugins for Editor in 0.00 ms.
Unloading 1389 Unused Serialized files (Serialized files now loaded: 0)
System memory in use before: 68.6 MB.
System memory in use after: 68.7 MB.

Unloading 14 unused Assets to reduce memory usage. Loaded Objects now: 1884.
Total: 1.504500 ms (FindLiveObjects: 0.118900 ms CreateObjectMapping: 0.031400 ms MarkObjects: 1.310600 ms  DeleteObjects: 0.042300 ms)

========================================================================
Received Prepare
Registering precompiled user dll's ...
Registered in 0.002889 seconds.
Begin MonoManager ReloadAssembly
Native extension for WindowsStandalone target not found
Refreshing native plugins compatible for Editor in 0.29 ms, found 2 plugins.
Preloading 0 native plugins for Editor in 0.00 ms.
Mono: successfully reloaded assembly
- Completed reload, in  0.812 seconds
Platform modules already initialized, skipping
Refreshing native plugins compatible for Editor in 0.28 ms, found 2 plugins.
Preloading 0 native plugins for Editor in 0.00 ms.
Unloading 1389 Unused Serialized files (Serialized files now loaded: 0)
System memory in use before: 68.6 MB.
System memory in use after: 68.7 MB.

Unloading 14 unused Assets to reduce memory usage. Loaded Objects now: 1887.
Total: 1.567800 ms (FindLiveObjects: 0.134000 ms CreateObjectMapping: 0.039000 ms MarkObjects: 1.346200 ms  DeleteObjects: 0.047100 ms)

========================================================================
Received Prepare
Registering precompiled user dll's ...
Registered in 0.003015 seconds.
Begin MonoManager ReloadAssembly
Native extension for WindowsStandalone target not found
Refreshing native plugins compatible for Editor in 0.29 ms, found 2 plugins.
Preloading 0 native plugins for Editor in 0.00 ms.
Mono: successfully reloaded assembly
- Completed reload, in  0.791 seconds
Platform modules already initialized, skipping
Refreshing native plugins compatible for Editor in 0.28 ms, found 2 plugins.
Preloading 0 native plugins for Editor in 0.00 ms.
Unloading 1389 Unused Serialized files (Serialized files now loaded: 0)
System memory in use before: 68.6 MB.
System memory in use after: 68.7 MB.

Unloading 14 unused Assets to reduce memory usage. Loaded Objects now: 1890.
Total: 1.760000 ms (FindLiveObjects: 0.166000 ms CreateObjectMapping: 0.031700 ms MarkObjects: 1.517900 ms  DeleteObjects: 0.043200 ms)

========================================================================
Received Prepare
Registering precompiled user dll's ...
Registered in 0.003023 seconds.
Begin MonoManager ReloadAssembly
Native extension for WindowsStandalone target not found
Refreshing native plugins compatible for Editor in 0.30 ms, found 2 plugins.
Preloading 0 native plugins for Editor in 0.00 ms.
Mono: successfully reloaded assembly
- Completed reload, in  0.814 seconds
Platform modules already initialized, skipping
Refreshing native plugins compatible for Editor in 0.44 ms, found 2 plugins.
Preloading 0 native plugins for Editor in 0.00 ms.
Unloading 1389 Unused Serialized files (Serialized files now loaded: 0)
System memory in use before: 68.6 MB.
System memory in use after: 68.7 MB.

Unloading 14 unused Assets to reduce memory usage. Loaded Objects now: 1893.
Total: 1.793900 ms (FindLiveObjects: 0.134400 ms CreateObjectMapping: 0.034200 ms MarkObjects: 1.574900 ms  DeleteObjects: 0.049500 ms)

========================================================================
Received Prepare
Registering precompiled user dll's ...
Registered in 0.002915 seconds.
Begin MonoManager ReloadAssembly
Native extension for WindowsStandalone target not found
Refreshing native plugins compatible for Editor in 0.29 ms, found 2 plugins.
Preloading 0 native plugins for Editor in 0.00 ms.
Mono: successfully reloaded assembly
- Completed reload, in  0.809 seconds
Platform modules already initialized, skipping
Refreshing native plugins compatible for Editor in 0.42 ms, found 2 plugins.
Preloading 0 native plugins for Editor in 0.00 ms.
Unloading 1389 Unused Serialized files (Serialized files now loaded: 0)
System memory in use before: 68.6 MB.
System memory in use after: 68.7 MB.

Unloading 14 unused Assets to reduce memory usage. Loaded Objects now: 1896.
Total: 1.919400 ms (FindLiveObjects: 0.162800 ms CreateObjectMapping: 0.032100 ms MarkObjects: 1.673000 ms  DeleteObjects: 0.050200 ms)

========================================================================
Received Prepare
Registering precompiled user dll's ...
Registered in 0.002957 seconds.
Begin MonoManager ReloadAssembly
Native extension for WindowsStandalone target not found
Refreshing native plugins compatible for Editor in 0.30 ms, found 2 plugins.
Preloading 0 native plugins for Editor in 0.00 ms.
Mono: successfully reloaded assembly
- Completed reload, in  0.801 seconds
Platform modules already initialized, skipping
Refreshing native plugins compatible for Editor in 0.29 ms, found 2 plugins.
Preloading 0 native plugins for Editor in 0.00 ms.
Unloading 1389 Unused Serialized files (Serialized files now loaded: 0)
System memory in use before: 68.6 MB.
System memory in use after: 68.7 MB.

Unloading 14 unused Assets to reduce memory usage. Loaded Objects now: 1899.
Total: 1.562400 ms (FindLiveObjects: 0.127600 ms CreateObjectMapping: 0.031500 ms MarkObjects: 1.357100 ms  DeleteObjects: 0.045200 ms)

========================================================================
Received Prepare
Registering precompiled user dll's ...
Registered in 0.002932 seconds.
Begin MonoManager ReloadAssembly
Native extension for WindowsStandalone target not found
Refreshing native plugins compatible for Editor in 0.29 ms, found 2 plugins.
Preloading 0 native plugins for Editor in 0.00 ms.
Mono: successfully reloaded assembly
- Completed reload, in  0.888 seconds
Platform modules already initialized, skipping
Refreshing native plugins compatible for Editor in 0.41 ms, found 2 plugins.
Preloading 0 native plugins for Editor in 0.00 ms.
Unloading 1389 Unused Serialized files (Serialized files now loaded: 0)
System memory in use before: 68.6 MB.
System memory in use after: 68.7 MB.

Unloading 14 unused Assets to reduce memory usage. Loaded Objects now: 1902.
Total: 1.625400 ms (FindLiveObjects: 0.160900 ms CreateObjectMapping: 0.031900 ms MarkObjects: 1.387600 ms  DeleteObjects: 0.043800 ms)

========================================================================
Received Import Request.
  Time since last request: 482.425599 seconds.
  path: Assets/Prefabs/Customer/Materials/Blue.mat
  artifactKey: Guid(e1abc772b4c2ca44aac6ed3879f9c2fb) Importer(815301076,1909f56bfc062723c751e8b465ee728b)
Start importing Assets/Prefabs/Customer/Materials/Blue.mat using Guid(e1abc772b4c2ca44aac6ed3879f9c2fb) Importer(815301076,1909f56bfc062723c751e8b465ee728b)  -> (artifact id: 'd01dea34ca43543faf8d80cfb9d3241b') in 0.073361 seconds
  Import took 0.075502 seconds .

========================================================================
Received Import Request.
  Time since last request: 0.000158 seconds.
  path: Assets/Prefabs/Package/Materials/Brown.mat
  artifactKey: Guid(c705b2e1f78743c40ab4b4d337d4967c) Importer(815301076,1909f56bfc062723c751e8b465ee728b)
Start importing Assets/Prefabs/Package/Materials/Brown.mat using Guid(c705b2e1f78743c40ab4b4d337d4967c) Importer(815301076,1909f56bfc062723c751e8b465ee728b)  -> (artifact id: 'cda6b65da804e673e2981f3d0444b9fe') in 0.012046 seconds
  Import took 0.013993 seconds .

========================================================================
Received Import Request.
  Time since last request: 0.000165 seconds.
  path: Assets/Prefabs/Police/Materials/Orange.mat
  artifactKey: Guid(bcf1c32967af99b49af4dafc0926184e) Importer(815301076,1909f56bfc062723c751e8b465ee728b)
Start importing Assets/Prefabs/Police/Materials/Orange.mat using Guid(bcf1c32967af99b49af4dafc0926184e) Importer(815301076,1909f56bfc062723c751e8b465ee728b)  -> (artifact id: '9bc6e38c1fdc6fd2a59e0b502fb5d365') in 0.012670 seconds
  Import took 0.014526 seconds .

========================================================================
Received Import Request.
  Time since last request: 0.000170 seconds.
  path: Assets/Materials/Red.mat
  artifactKey: Guid(a630320ff1ffcd54e9f3bea1ae2fcd79) Importer(815301076,1909f56bfc062723c751e8b465ee728b)
Start importing Assets/Materials/Red.mat using Guid(a630320ff1ffcd54e9f3bea1ae2fcd79) Importer(815301076,1909f56bfc062723c751e8b465ee728b)  -> (artifact id: '25d8ab73994bc6e34ba3b8a4e7cec900') in 0.011725 seconds
  Import took 0.013702 seconds .

========================================================================
Received Import Request.
  Time since last request: 0.000166 seconds.
  path: Assets/Materials/Green.mat
  artifactKey: Guid(3a242675235e53a4283740465353ff48) Importer(815301076,1909f56bfc062723c751e8b465ee728b)
Start importing Assets/Materials/Green.mat using Guid(3a242675235e53a4283740465353ff48) Importer(815301076,1909f56bfc062723c751e8b465ee728b)  -> (artifact id: '200068c010cc663faf6804050ca38b0c') in 0.014942 seconds
  Import took 0.017287 seconds .

========================================================================
Received Import Request.
  Time since last request: 296.486959 seconds.
  path: Assets/UI/newProgressBar.png
  artifactKey: Guid(15d27d8ee5462b74dabc32a42f873e73) Importer(815301076,1909f56bfc062723c751e8b465ee728b)
Start importing Assets/UI/newProgressBar.png using Guid(15d27d8ee5462b74dabc32a42f873e73) Importer(815301076,1909f56bfc062723c751e8b465ee728b)  -> (artifact id: '48aa31db2139ac467e3fced743f66aad') in 0.014310 seconds
  Import took 0.016922 seconds .

========================================================================
Received Import Request.
  Time since last request: 14.142933 seconds.
  path: Assets/UI/newProgressBar.png
  artifactKey: Guid(15d27d8ee5462b74dabc32a42f873e73) Importer(815301076,1909f56bfc062723c751e8b465ee728b)
Start importing Assets/UI/newProgressBar.png using Guid(15d27d8ee5462b74dabc32a42f873e73) Importer(815301076,1909f56bfc062723c751e8b465ee728b)  -> (artifact id: '76aaa42150524439c7242339471e9db3') in 0.022187 seconds
  Import took 0.024584 seconds .

========================================================================
Received Prepare
Registering precompiled user dll's ...
Registered in 0.002912 seconds.
Begin MonoManager ReloadAssembly
Native extension for WindowsStandalone target not found
Refreshing native plugins compatible for Editor in 0.28 ms, found 2 plugins.
Preloading 0 native plugins for Editor in 0.00 ms.
Mono: successfully reloaded assembly
- Completed reload, in  0.841 seconds
Platform modules already initialized, skipping
Refreshing native plugins compatible for Editor in 0.28 ms, found 2 plugins.
Preloading 0 native plugins for Editor in 0.00 ms.
Unloading 1389 Unused Serialized files (Serialized files now loaded: 0)
System memory in use before: 68.8 MB.
System memory in use after: 68.9 MB.

Unloading 14 unused Assets to reduce memory usage. Loaded Objects now: 1939.
Total: 1.716900 ms (FindLiveObjects: 0.136500 ms CreateObjectMapping: 0.032700 ms MarkObjects: 1.499300 ms  DeleteObjects: 0.047300 ms)

========================================================================
Received Import Request.
  Time since last request: 107.134111 seconds.
  path: Assets/UI/newProgressBar.png
  artifactKey: Guid(15d27d8ee5462b74dabc32a42f873e73) Importer(815301076,1909f56bfc062723c751e8b465ee728b)
Start importing Assets/UI/newProgressBar.png using Guid(15d27d8ee5462b74dabc32a42f873e73) Importer(815301076,1909f56bfc062723c751e8b465ee728b)  -> (artifact id: '6421c55efe0f73956b6f70ba33ea4f97') in 0.032615 seconds
  Import took 0.035034 seconds .

========================================================================
Received Prepare
Registering precompiled user dll's ...
Registered in 0.002922 seconds.
Begin MonoManager ReloadAssembly
Native extension for WindowsStandalone target not found
Refreshing native plugins compatible for Editor in 0.28 ms, found 2 plugins.
Preloading 0 native plugins for Editor in 0.00 ms.
Mono: successfully reloaded assembly
- Completed reload, in  0.817 seconds
Platform modules already initialized, skipping
Refreshing native plugins compatible for Editor in 0.27 ms, found 2 plugins.
Preloading 0 native plugins for Editor in 0.00 ms.
Unloading 1389 Unused Serialized files (Serialized files now loaded: 0)
System memory in use before: 68.8 MB.
System memory in use after: 68.9 MB.

Unloading 14 unused Assets to reduce memory usage. Loaded Objects now: 1942.
Total: 1.654700 ms (FindLiveObjects: 0.126800 ms CreateObjectMapping: 0.031400 ms MarkObjects: 1.454200 ms  DeleteObjects: 0.041700 ms)

========================================================================
Received Prepare
Registering precompiled user dll's ...
Registered in 0.003292 seconds.
Begin MonoManager ReloadAssembly
Native extension for WindowsStandalone target not found
Refreshing native plugins compatible for Editor in 0.28 ms, found 2 plugins.
Preloading 0 native plugins for Editor in 0.00 ms.
Mono: successfully reloaded assembly
- Completed reload, in  0.803 seconds
Platform modules already initialized, skipping
Refreshing native plugins compatible for Editor in 0.30 ms, found 2 plugins.
Preloading 0 native plugins for Editor in 0.00 ms.
Unloading 1389 Unused Serialized files (Serialized files now loaded: 0)
System memory in use before: 68.9 MB.
System memory in use after: 69.0 MB.

Unloading 14 unused Assets to reduce memory usage. Loaded Objects now: 1945.
Total: 2.089200 ms (FindLiveObjects: 0.168000 ms CreateObjectMapping: 0.032400 ms MarkObjects: 1.842600 ms  DeleteObjects: 0.045200 ms)

========================================================================
Received Prepare
Registering precompiled user dll's ...
Registered in 0.003048 seconds.
Begin MonoManager ReloadAssembly
Native extension for WindowsStandalone target not found
Refreshing native plugins compatible for Editor in 0.28 ms, found 2 plugins.
Preloading 0 native plugins for Editor in 0.00 ms.
Mono: successfully reloaded assembly
- Completed reload, in  0.802 seconds
Platform modules already initialized, skipping
Refreshing native plugins compatible for Editor in 0.29 ms, found 2 plugins.
Preloading 0 native plugins for Editor in 0.00 ms.
Unloading 1389 Unused Serialized files (Serialized files now loaded: 0)
System memory in use before: 68.9 MB.
System memory in use after: 69.0 MB.

Unloading 14 unused Assets to reduce memory usage. Loaded Objects now: 1948.
Total: 1.552200 ms (FindLiveObjects: 0.132500 ms CreateObjectMapping: 0.033600 ms MarkObjects: 1.342700 ms  DeleteObjects: 0.042400 ms)

========================================================================
Received Import Request.
  Time since last request: 224.107129 seconds.
  path: Assets/UI/newProgressBar.png
  artifactKey: Guid(15d27d8ee5462b74dabc32a42f873e73) Importer(815301076,1909f56bfc062723c751e8b465ee728b)
Start importing Assets/UI/newProgressBar.png using Guid(15d27d8ee5462b74dabc32a42f873e73) Importer(815301076,1909f56bfc062723c751e8b465ee728b)  -> (artifact id: '12a49c1506b8c3846fda191ff005a12b') in 0.032307 seconds
  Import took 0.034543 seconds .

========================================================================
Received Import Request.
  Time since last request: 6.777916 seconds.
  path: Assets/UI/newProgressBar.png
  artifactKey: Guid(15d27d8ee5462b74dabc32a42f873e73) Importer(815301076,1909f56bfc062723c751e8b465ee728b)
Start importing Assets/UI/newProgressBar.png using Guid(15d27d8ee5462b74dabc32a42f873e73) Importer(815301076,1909f56bfc062723c751e8b465ee728b)  -> (artifact id: '8a35539ac2ec46c33987b588cd9c5fc8') in 0.009447 seconds
  Import took 0.011864 seconds .

========================================================================
Received Import Request.
  Time since last request: 3.481708 seconds.
  path: Assets/UI/newProgressBar.png
  artifactKey: Guid(15d27d8ee5462b74dabc32a42f873e73) Importer(815301076,1909f56bfc062723c751e8b465ee728b)
Start importing Assets/UI/newProgressBar.png using Guid(15d27d8ee5462b74dabc32a42f873e73) Importer(815301076,1909f56bfc062723c751e8b465ee728b)  -> (artifact id: '02c2297e3d8b8cea4b76024aab54bc2c') in 0.008188 seconds
  Import took 0.010325 seconds .

========================================================================
Received Import Request.
  Time since last request: 9.011889 seconds.
  path: Assets/UI/newProgressBar.png
  artifactKey: Guid(15d27d8ee5462b74dabc32a42f873e73) Importer(815301076,1909f56bfc062723c751e8b465ee728b)
Start importing Assets/UI/newProgressBar.png using Guid(15d27d8ee5462b74dabc32a42f873e73) Importer(815301076,1909f56bfc062723c751e8b465ee728b)  -> (artifact id: 'f60bbe22330734f1c25e1f8ca8bb917e') in 0.023712 seconds
  Import took 0.025776 seconds .

========================================================================
Received Import Request.
  Time since last request: 2.633199 seconds.
  path: Assets/UI/newProgressBar.png
  artifactKey: Guid(15d27d8ee5462b74dabc32a42f873e73) Importer(815301076,1909f56bfc062723c751e8b465ee728b)
Start importing Assets/UI/newProgressBar.png using Guid(15d27d8ee5462b74dabc32a42f873e73) Importer(815301076,1909f56bfc062723c751e8b465ee728b)  -> (artifact id: '151e971fefbf17e02c8af0c18ad0c974') in 0.010621 seconds
  Import took 0.012885 seconds .

========================================================================
Received Import Request.
  Time since last request: 2.535617 seconds.
  path: Assets/UI/newProgressBar.png
  artifactKey: Guid(15d27d8ee5462b74dabc32a42f873e73) Importer(815301076,1909f56bfc062723c751e8b465ee728b)
Start importing Assets/UI/newProgressBar.png using Guid(15d27d8ee5462b74dabc32a42f873e73) Importer(815301076,1909f56bfc062723c751e8b465ee728b)  -> (artifact id: 'da988d0de3f1434abe9e4da1723cf8e0') in 0.011159 seconds
  Import took 0.013234 seconds .

========================================================================
Received Import Request.
  Time since last request: 0.003548 seconds.
  path: Assets/UI/newProgressBar.png
  artifactKey: Guid(15d27d8ee5462b74dabc32a42f873e73) Importer(815301076,1909f56bfc062723c751e8b465ee728b)
Start importing Assets/UI/newProgressBar.png using Guid(15d27d8ee5462b74dabc32a42f873e73) Importer(815301076,1909f56bfc062723c751e8b465ee728b)  -> (artifact id: 'da988d0de3f1434abe9e4da1723cf8e0') in 0.011051 seconds
  Import took 0.013407 seconds .

========================================================================
Received Import Request.
  Time since last request: 62.965665 seconds.
  path: Assets/UI/Scripts/LookAt.cs
  artifactKey: Guid(b03915bd6420812429c162e8dfae7582) Importer(815301076,1909f56bfc062723c751e8b465ee728b)
Start importing Assets/UI/Scripts/LookAt.cs using Guid(b03915bd6420812429c162e8dfae7582) Importer(815301076,1909f56bfc062723c751e8b465ee728b)  -> (artifact id: '0d63ad797987e5b6aac2fd9a2df3a879') in 0.009650 seconds
  Import took 0.011987 seconds .

========================================================================
Received Import Request.
  Time since last request: 15.325481 seconds.
  path: Assets/UI/Scripts/ThrowProgressBar.cs
  artifactKey: Guid(755eb7339793bd444b5c174091295df2) Importer(815301076,1909f56bfc062723c751e8b465ee728b)
Start importing Assets/UI/Scripts/ThrowProgressBar.cs using Guid(755eb7339793bd444b5c174091295df2) Importer(815301076,1909f56bfc062723c751e8b465ee728b)  -> (artifact id: '8cd103b0803beb2e9f84ae46d7bf4789') in 0.006165 seconds
  Import took 0.008228 seconds .

========================================================================
Received Prepare
Registering precompiled user dll's ...
Registered in 0.002901 seconds.
Begin MonoManager ReloadAssembly
Native extension for WindowsStandalone target not found
Refreshing native plugins compatible for Editor in 0.34 ms, found 2 plugins.
Preloading 0 native plugins for Editor in 0.00 ms.
Mono: successfully reloaded assembly
- Completed reload, in  0.831 seconds
Platform modules already initialized, skipping
Refreshing native plugins compatible for Editor in 0.44 ms, found 2 plugins.
Preloading 0 native plugins for Editor in 0.00 ms.
Unloading 1390 Unused Serialized files (Serialized files now loaded: 0)
System memory in use before: 68.9 MB.
System memory in use after: 69.0 MB.

Unloading 14 unused Assets to reduce memory usage. Loaded Objects now: 1953.
Total: 1.800700 ms (FindLiveObjects: 0.174200 ms CreateObjectMapping: 0.032400 ms MarkObjects: 1.548900 ms  DeleteObjects: 0.044100 ms)

========================================================================
Received Prepare
Registering precompiled user dll's ...
Registered in 0.003520 seconds.
Begin MonoManager ReloadAssembly
Native extension for WindowsStandalone target not found
Refreshing native plugins compatible for Editor in 0.28 ms, found 2 plugins.
Preloading 0 native plugins for Editor in 0.00 ms.
Mono: successfully reloaded assembly
- Completed reload, in  0.792 seconds
Platform modules already initialized, skipping
Refreshing native plugins compatible for Editor in 0.47 ms, found 2 plugins.
Preloading 0 native plugins for Editor in 0.00 ms.
Unloading 1390 Unused Serialized files (Serialized files now loaded: 0)
System memory in use before: 68.9 MB.
System memory in use after: 69.0 MB.

Unloading 14 unused Assets to reduce memory usage. Loaded Objects now: 1956.
Total: 1.665000 ms (FindLiveObjects: 0.140000 ms CreateObjectMapping: 0.031700 ms MarkObjects: 1.450200 ms  DeleteObjects: 0.042200 ms)

========================================================================
Received Import Request.
  Time since last request: 65.591185 seconds.
  path: Assets/UI/Scripts/ThrowProgressBar.cs
  artifactKey: Guid(755eb7339793bd444b5c174091295df2) Importer(815301076,1909f56bfc062723c751e8b465ee728b)
Start importing Assets/UI/Scripts/ThrowProgressBar.cs using Guid(755eb7339793bd444b5c174091295df2) Importer(815301076,1909f56bfc062723c751e8b465ee728b)  -> (artifact id: '1463e2262603a441e92db7b53c68b091') in 0.005959 seconds
  Import took 0.008051 seconds .

========================================================================
Received Import Request.
  Time since last request: 1.910526 seconds.
  path: Assets/UI/Scripts/ThrowProgressBar.cs
  artifactKey: Guid(755eb7339793bd444b5c174091295df2) Importer(815301076,1909f56bfc062723c751e8b465ee728b)
Start importing Assets/UI/Scripts/ThrowProgressBar.cs using Guid(755eb7339793bd444b5c174091295df2) Importer(815301076,1909f56bfc062723c751e8b465ee728b)  -> (artifact id: '1463e2262603a441e92db7b53c68b091') in 0.002083 seconds
  Import took 0.004341 seconds .

========================================================================
Received Prepare
Registering precompiled user dll's ...
Registered in 0.003000 seconds.
Begin MonoManager ReloadAssembly
Native extension for WindowsStandalone target not found
Refreshing native plugins compatible for Editor in 0.28 ms, found 2 plugins.
Preloading 0 native plugins for Editor in 0.00 ms.
Mono: successfully reloaded assembly
- Completed reload, in  0.785 seconds
Platform modules already initialized, skipping
Refreshing native plugins compatible for Editor in 0.28 ms, found 2 plugins.
Preloading 0 native plugins for Editor in 0.00 ms.
Unloading 1390 Unused Serialized files (Serialized files now loaded: 0)
System memory in use before: 68.9 MB.
System memory in use after: 69.0 MB.

Unloading 14 unused Assets to reduce memory usage. Loaded Objects now: 1959.
Total: 1.646200 ms (FindLiveObjects: 0.155500 ms CreateObjectMapping: 0.033400 ms MarkObjects: 1.414000 ms  DeleteObjects: 0.042300 ms)

========================================================================
Received Prepare
Registering precompiled user dll's ...
Registered in 0.002994 seconds.
Begin MonoManager ReloadAssembly
Native extension for WindowsStandalone target not found
Refreshing native plugins compatible for Editor in 0.28 ms, found 2 plugins.
Preloading 0 native plugins for Editor in 0.00 ms.
Mono: successfully reloaded assembly
- Completed reload, in  0.793 seconds
Platform modules already initialized, skipping
Refreshing native plugins compatible for Editor in 0.28 ms, found 2 plugins.
Preloading 0 native plugins for Editor in 0.00 ms.
Unloading 1390 Unused Serialized files (Serialized files now loaded: 0)
System memory in use before: 69.0 MB.
System memory in use after: 69.0 MB.

Unloading 14 unused Assets to reduce memory usage. Loaded Objects now: 1962.
Total: 1.536700 ms (FindLiveObjects: 0.129900 ms CreateObjectMapping: 0.031700 ms MarkObjects: 1.330400 ms  DeleteObjects: 0.043900 ms)

========================================================================
Received Prepare
Registering precompiled user dll's ...
Registered in 0.002972 seconds.
Begin MonoManager ReloadAssembly
Native extension for WindowsStandalone target not found
Refreshing native plugins compatible for Editor in 0.31 ms, found 2 plugins.
Preloading 0 native plugins for Editor in 0.00 ms.
Mono: successfully reloaded assembly
- Completed reload, in  0.845 seconds
Platform modules already initialized, skipping
Refreshing native plugins compatible for Editor in 0.28 ms, found 2 plugins.
Preloading 0 native plugins for Editor in 0.00 ms.
Unloading 1390 Unused Serialized files (Serialized files now loaded: 0)
System memory in use before: 69.0 MB.
System memory in use after: 69.0 MB.

Unloading 14 unused Assets to reduce memory usage. Loaded Objects now: 1965.
Total: 1.565800 ms (FindLiveObjects: 0.121600 ms CreateObjectMapping: 0.031300 ms MarkObjects: 1.371300 ms  DeleteObjects: 0.040900 ms)

========================================================================
Received Prepare
Registering precompiled user dll's ...
Registered in 0.003041 seconds.
Begin MonoManager ReloadAssembly
Native extension for WindowsStandalone target not found
Refreshing native plugins compatible for Editor in 0.30 ms, found 2 plugins.
Preloading 0 native plugins for Editor in 0.00 ms.
Mono: successfully reloaded assembly
- Completed reload, in  0.909 seconds
Platform modules already initialized, skipping
Refreshing native plugins compatible for Editor in 0.28 ms, found 2 plugins.
Preloading 0 native plugins for Editor in 0.00 ms.
Unloading 1390 Unused Serialized files (Serialized files now loaded: 0)
System memory in use before: 69.0 MB.
System memory in use after: 69.0 MB.

Unloading 14 unused Assets to reduce memory usage. Loaded Objects now: 1968.
Total: 1.882600 ms (FindLiveObjects: 0.163600 ms CreateObjectMapping: 0.039100 ms MarkObjects: 1.607100 ms  DeleteObjects: 0.071400 ms)

========================================================================
Received Prepare
Registering precompiled user dll's ...
Registered in 0.002964 seconds.
Begin MonoManager ReloadAssembly
Native extension for WindowsStandalone target not found
Refreshing native plugins compatible for Editor in 0.30 ms, found 2 plugins.
Preloading 0 native plugins for Editor in 0.00 ms.
Mono: successfully reloaded assembly
- Completed reload, in  0.826 seconds
Platform modules already initialized, skipping
Refreshing native plugins compatible for Editor in 0.34 ms, found 2 plugins.
Preloading 0 native plugins for Editor in 0.00 ms.
Unloading 1390 Unused Serialized files (Serialized files now loaded: 0)
System memory in use before: 69.0 MB.
System memory in use after: 69.0 MB.

Unloading 14 unused Assets to reduce memory usage. Loaded Objects now: 1971.
Total: 1.667300 ms (FindLiveObjects: 0.129900 ms CreateObjectMapping: 0.032000 ms MarkObjects: 1.454400 ms  DeleteObjects: 0.049800 ms)

========================================================================
Received Prepare
Registering precompiled user dll's ...
Registered in 0.002983 seconds.
Begin MonoManager ReloadAssembly
Native extension for WindowsStandalone target not found
Refreshing native plugins compatible for Editor in 0.32 ms, found 2 plugins.
Preloading 0 native plugins for Editor in 0.00 ms.
Mono: successfully reloaded assembly
- Completed reload, in  0.825 seconds
Platform modules already initialized, skipping
Refreshing native plugins compatible for Editor in 0.29 ms, found 2 plugins.
Preloading 0 native plugins for Editor in 0.00 ms.
Unloading 1390 Unused Serialized files (Serialized files now loaded: 0)
System memory in use before: 69.0 MB.
System memory in use after: 69.0 MB.

Unloading 14 unused Assets to reduce memory usage. Loaded Objects now: 1974.
Total: 1.557000 ms (FindLiveObjects: 0.137900 ms CreateObjectMapping: 0.032300 ms MarkObjects: 1.342200 ms  DeleteObjects: 0.043600 ms)

========================================================================
Received Prepare
Registering precompiled user dll's ...
Registered in 0.003086 seconds.
Begin MonoManager ReloadAssembly
Native extension for WindowsStandalone target not found
Refreshing native plugins compatible for Editor in 0.28 ms, found 2 plugins.
Preloading 0 native plugins for Editor in 0.00 ms.
Mono: successfully reloaded assembly
- Completed reload, in  0.869 seconds
Platform modules already initialized, skipping
Refreshing native plugins compatible for Editor in 0.30 ms, found 2 plugins.
Preloading 0 native plugins for Editor in 0.00 ms.
Unloading 1390 Unused Serialized files (Serialized files now loaded: 0)
System memory in use before: 69.0 MB.
System memory in use after: 69.1 MB.

Unloading 14 unused Assets to reduce memory usage. Loaded Objects now: 1977.
Total: 1.551400 ms (FindLiveObjects: 0.139700 ms CreateObjectMapping: 0.031700 ms MarkObjects: 1.337100 ms  DeleteObjects: 0.041700 ms)

