Using pre-set license
Built from '2020.3/staging' branch; Version is '2020.3.10f1 (297d780c91bc) revision 2719096'; Using compiler version '192528614'; Build Type 'Release'
OS: 'Windows 10 Home; OS build 19042.985; Version 2009; 64bit' Language: 'en' Physical Memory: 16333 MB
BatchMode: 1, IsHumanControllingUs: 0, StartBugReporterOnCrash: 0, Is64bit: 1, IsPro: 0

 COMMAND LINE ARGUMENTS:
C:\Program Files\Unity\Hub\Editor\2020.3.10f1\Editor\Unity.exe
-adb2
-batchMode
-noUpm
-name
AssetImportWorker1
-projectPath
C:/Users/cvasi/Desktop/Game_Games/Game Jam/Moon Jam 2021/Delivery-Depot/Delivery Depot
-logFile
Logs/AssetImportWorker1.log
-srvPort
50169
Successfully changed project path to: C:/Users/cvasi/Desktop/Game_Games/Game Jam/Moon Jam 2021/Delivery-Depot/Delivery Depot
C:/Users/cvasi/Desktop/Game_Games/Game Jam/Moon Jam 2021/Delivery-Depot/Delivery Depot
Using Asset Import Pipeline V2.
Refreshing native plugins compatible for Editor in 26.44 ms, found 2 plugins.
Preloading 0 native plugins for Editor in 0.00 ms.
Initialize engine version: 2020.3.10f1 (297d780c91bc)
[Subsystems] Discovering subsystems at path C:/Program Files/Unity/Hub/Editor/2020.3.10f1/Editor/Data/Resources/UnitySubsystems
[Subsystems] Discovering subsystems at path C:/Users/cvasi/Desktop/Game_Games/Game Jam/Moon Jam 2021/Delivery-Depot/Delivery Depot/Assets
GfxDevice: creating device client; threaded=0
Direct3D:
    Version:  Direct3D 11.0 [level 11.1]
    Renderer: NVIDIA GeForce RTX 2070 SUPER (ID=0x1e84)
    Vendor:   
    VRAM:     8011 MB
    Driver:   27.21.14.6172
Initialize mono
Mono path[0] = 'C:/Program Files/Unity/Hub/Editor/2020.3.10f1/Editor/Data/Managed'
Mono path[1] = 'C:/Program Files/Unity/Hub/Editor/2020.3.10f1/Editor/Data/MonoBleedingEdge/lib/mono/unityjit'
Mono config path = 'C:/Program Files/Unity/Hub/Editor/2020.3.10f1/Editor/Data/MonoBleedingEdge/etc'
Using monoOptions --debugger-agent=transport=dt_socket,embedding=1,server=y,suspend=n,address=127.0.0.1:56896
Begin MonoManager ReloadAssembly
Registering precompiled unity dll's ...
Register platform support module: C:/Program Files/Unity/Hub/Editor/2020.3.10f1/Editor/Data/PlaybackEngines/WindowsStandaloneSupport/UnityEditor.WindowsStandalone.Extensions.dll
Registered in 0.001596 seconds.
Native extension for WindowsStandalone target not found
Refreshing native plugins compatible for Editor in 27.05 ms, found 2 plugins.
Preloading 0 native plugins for Editor in 0.00 ms.
Mono: successfully reloaded assembly
- Completed reload, in  2.041 seconds
Platform modules already initialized, skipping
Registering precompiled user dll's ...
Registered in 0.003276 seconds.
Begin MonoManager ReloadAssembly
Native extension for WindowsStandalone target not found
Refreshing native plugins compatible for Editor in 0.34 ms, found 2 plugins.
Preloading 0 native plugins for Editor in 0.00 ms.
Mono: successfully reloaded assembly
- Completed reload, in  0.934 seconds
Platform modules already initialized, skipping
========================================================================
Worker process is ready to serve import requests
Launched and connected shader compiler UnityShaderCompiler.exe after 0.07 seconds
Refreshing native plugins compatible for Editor in 0.32 ms, found 2 plugins.
Preloading 0 native plugins for Editor in 0.00 ms.
Unloading 1401 Unused Serialized files (Serialized files now loaded: 0)
System memory in use before: 65.9 MB.
System memory in use after: 66.0 MB.

Unloading 18 unused Assets to reduce memory usage. Loaded Objects now: 1840.
Total: 1.661600 ms (FindLiveObjects: 0.138100 ms CreateObjectMapping: 0.030900 ms MarkObjects: 1.419400 ms  DeleteObjects: 0.072300 ms)

========================================================================
Received Import Request.
  path: Assets/UI/Slider.prefab
  artifactKey: Guid(7514b36e8eba6444b9854fd7ae6ca8de) Importer(815301076,1909f56bfc062723c751e8b465ee728b)
Start importing Assets/UI/Slider.prefab using Guid(7514b36e8eba6444b9854fd7ae6ca8de) Importer(815301076,1909f56bfc062723c751e8b465ee728b)  -> (artifact id: '711e04821f6774c35ab7e1cf08426de9') in 0.052910 seconds
  Import took 0.055389 seconds .

========================================================================
Received Prepare
Registering precompiled user dll's ...
Registered in 0.003697 seconds.
Begin MonoManager ReloadAssembly
Native extension for WindowsStandalone target not found
Refreshing native plugins compatible for Editor in 0.31 ms, found 2 plugins.
Preloading 0 native plugins for Editor in 0.00 ms.
Mono: successfully reloaded assembly
- Completed reload, in  0.870 seconds
Platform modules already initialized, skipping
Refreshing native plugins compatible for Editor in 0.29 ms, found 2 plugins.
Preloading 0 native plugins for Editor in 0.00 ms.
Unloading 1396 Unused Serialized files (Serialized files now loaded: 0)
System memory in use before: 65.9 MB.
System memory in use after: 66.0 MB.

Unloading 17 unused Assets to reduce memory usage. Loaded Objects now: 1843.
Total: 1.580200 ms (FindLiveObjects: 0.119000 ms CreateObjectMapping: 0.030400 ms MarkObjects: 1.379600 ms  DeleteObjects: 0.050300 ms)

========================================================================
Received Prepare
Registering precompiled user dll's ...
Registered in 0.004745 seconds.
Begin MonoManager ReloadAssembly
Native extension for WindowsStandalone target not found
Refreshing native plugins compatible for Editor in 0.30 ms, found 2 plugins.
Preloading 0 native plugins for Editor in 0.00 ms.
Mono: successfully reloaded assembly
- Completed reload, in  0.799 seconds
Platform modules already initialized, skipping
Refreshing native plugins compatible for Editor in 0.33 ms, found 2 plugins.
Preloading 0 native plugins for Editor in 0.00 ms.
Unloading 1396 Unused Serialized files (Serialized files now loaded: 0)
System memory in use before: 66.0 MB.
System memory in use after: 66.0 MB.

Unloading 14 unused Assets to reduce memory usage. Loaded Objects now: 1846.
Total: 1.632200 ms (FindLiveObjects: 0.152900 ms CreateObjectMapping: 0.066400 ms MarkObjects: 1.371000 ms  DeleteObjects: 0.040900 ms)

========================================================================
Received Prepare
Registering precompiled user dll's ...
Registered in 0.003215 seconds.
Begin MonoManager ReloadAssembly
Native extension for WindowsStandalone target not found
Refreshing native plugins compatible for Editor in 0.30 ms, found 2 plugins.
Preloading 0 native plugins for Editor in 0.00 ms.
Mono: successfully reloaded assembly
- Completed reload, in  0.817 seconds
Platform modules already initialized, skipping
Refreshing native plugins compatible for Editor in 0.30 ms, found 2 plugins.
Preloading 0 native plugins for Editor in 0.00 ms.
Unloading 1396 Unused Serialized files (Serialized files now loaded: 0)
System memory in use before: 66.0 MB.
System memory in use after: 66.0 MB.

Unloading 14 unused Assets to reduce memory usage. Loaded Objects now: 1849.
Total: 1.588800 ms (FindLiveObjects: 0.127500 ms CreateObjectMapping: 0.030900 ms MarkObjects: 1.383700 ms  DeleteObjects: 0.045700 ms)

========================================================================
Received Prepare
Registering precompiled user dll's ...
Registered in 0.002954 seconds.
Begin MonoManager ReloadAssembly
Native extension for WindowsStandalone target not found
Refreshing native plugins compatible for Editor in 0.29 ms, found 2 plugins.
Preloading 0 native plugins for Editor in 0.00 ms.
Mono: successfully reloaded assembly
- Completed reload, in  0.761 seconds
Platform modules already initialized, skipping
Refreshing native plugins compatible for Editor in 0.30 ms, found 2 plugins.
Preloading 0 native plugins for Editor in 0.00 ms.
Unloading 1396 Unused Serialized files (Serialized files now loaded: 0)
System memory in use before: 66.0 MB.
System memory in use after: 66.1 MB.

Unloading 14 unused Assets to reduce memory usage. Loaded Objects now: 1852.
Total: 1.546300 ms (FindLiveObjects: 0.131200 ms CreateObjectMapping: 0.032200 ms MarkObjects: 1.338100 ms  DeleteObjects: 0.043900 ms)

========================================================================
Received Prepare
Registering precompiled user dll's ...
Registered in 0.002877 seconds.
Begin MonoManager ReloadAssembly
Native extension for WindowsStandalone target not found
Refreshing native plugins compatible for Editor in 0.29 ms, found 2 plugins.
Preloading 0 native plugins for Editor in 0.00 ms.
Mono: successfully reloaded assembly
- Completed reload, in  0.748 seconds
Platform modules already initialized, skipping
Refreshing native plugins compatible for Editor in 0.31 ms, found 2 plugins.
Preloading 0 native plugins for Editor in 0.00 ms.
Unloading 1396 Unused Serialized files (Serialized files now loaded: 0)
System memory in use before: 66.0 MB.
System memory in use after: 66.1 MB.

Unloading 14 unused Assets to reduce memory usage. Loaded Objects now: 1855.
Total: 1.539700 ms (FindLiveObjects: 0.119400 ms CreateObjectMapping: 0.031000 ms MarkObjects: 1.344900 ms  DeleteObjects: 0.043800 ms)

========================================================================
Received Prepare
Registering precompiled user dll's ...
Registered in 0.003097 seconds.
Begin MonoManager ReloadAssembly
Native extension for WindowsStandalone target not found
Refreshing native plugins compatible for Editor in 0.30 ms, found 2 plugins.
Preloading 0 native plugins for Editor in 0.00 ms.
Mono: successfully reloaded assembly
- Completed reload, in  0.746 seconds
Platform modules already initialized, skipping
Refreshing native plugins compatible for Editor in 0.31 ms, found 2 plugins.
Preloading 0 native plugins for Editor in 0.00 ms.
Unloading 1396 Unused Serialized files (Serialized files now loaded: 0)
System memory in use before: 66.0 MB.
System memory in use after: 66.1 MB.

Unloading 14 unused Assets to reduce memory usage. Loaded Objects now: 1858.
Total: 1.679100 ms (FindLiveObjects: 0.129700 ms CreateObjectMapping: 0.116900 ms MarkObjects: 1.386900 ms  DeleteObjects: 0.044000 ms)

========================================================================
Received Import Request.
  Time since last request: 402.864578 seconds.
  path: Assets/UI/Slider.prefab
  artifactKey: Guid(7514b36e8eba6444b9854fd7ae6ca8de) Importer(815301076,1909f56bfc062723c751e8b465ee728b)
Start importing Assets/UI/Slider.prefab using Guid(7514b36e8eba6444b9854fd7ae6ca8de) Importer(815301076,1909f56bfc062723c751e8b465ee728b)  -> (artifact id: '6ff1e68006ad716e7e0e51a7800e0938') in 0.032080 seconds
  Import took 0.034333 seconds .

========================================================================
Received Prepare
Registering precompiled user dll's ...
Registered in 0.003093 seconds.
Begin MonoManager ReloadAssembly
Native extension for WindowsStandalone target not found
Refreshing native plugins compatible for Editor in 0.30 ms, found 2 plugins.
Preloading 0 native plugins for Editor in 0.00 ms.
Mono: successfully reloaded assembly
- Completed reload, in  0.750 seconds
Platform modules already initialized, skipping
Refreshing native plugins compatible for Editor in 0.30 ms, found 2 plugins.
Preloading 0 native plugins for Editor in 0.00 ms.
Unloading 1396 Unused Serialized files (Serialized files now loaded: 0)
System memory in use before: 66.0 MB.
System memory in use after: 66.1 MB.

Unloading 17 unused Assets to reduce memory usage. Loaded Objects now: 1861.
Total: 1.532500 ms (FindLiveObjects: 0.123900 ms CreateObjectMapping: 0.038500 ms MarkObjects: 1.323000 ms  DeleteObjects: 0.046300 ms)

========================================================================
Received Import Request.
  Time since last request: 31.729399 seconds.
  path: Assets/UI/Slider.prefab
  artifactKey: Guid(7514b36e8eba6444b9854fd7ae6ca8de) Importer(815301076,1909f56bfc062723c751e8b465ee728b)
Start importing Assets/UI/Slider.prefab using Guid(7514b36e8eba6444b9854fd7ae6ca8de) Importer(815301076,1909f56bfc062723c751e8b465ee728b)  -> (artifact id: '0f517e2b027a2942ae3f62cdfb7fcf3b') in 0.027547 seconds
  Import took 0.029540 seconds .

========================================================================
Received Prepare
Registering precompiled user dll's ...
Registered in 0.002869 seconds.
Begin MonoManager ReloadAssembly
Native extension for WindowsStandalone target not found
Refreshing native plugins compatible for Editor in 0.30 ms, found 2 plugins.
Preloading 0 native plugins for Editor in 0.00 ms.
Mono: successfully reloaded assembly
- Completed reload, in  0.750 seconds
Platform modules already initialized, skipping
Refreshing native plugins compatible for Editor in 0.31 ms, found 2 plugins.
Preloading 0 native plugins for Editor in 0.00 ms.
Unloading 1396 Unused Serialized files (Serialized files now loaded: 0)
System memory in use before: 66.0 MB.
System memory in use after: 66.1 MB.

Unloading 17 unused Assets to reduce memory usage. Loaded Objects now: 1864.
Total: 2.136900 ms (FindLiveObjects: 0.188500 ms CreateObjectMapping: 0.036100 ms MarkObjects: 1.830000 ms  DeleteObjects: 0.080300 ms)

========================================================================
Received Prepare
Registering precompiled user dll's ...
Registered in 0.002945 seconds.
Begin MonoManager ReloadAssembly
Native extension for WindowsStandalone target not found
Refreshing native plugins compatible for Editor in 0.31 ms, found 2 plugins.
Preloading 0 native plugins for Editor in 0.00 ms.
Mono: successfully reloaded assembly
- Completed reload, in  0.737 seconds
Platform modules already initialized, skipping
Refreshing native plugins compatible for Editor in 0.29 ms, found 2 plugins.
Preloading 0 native plugins for Editor in 0.00 ms.
Unloading 1396 Unused Serialized files (Serialized files now loaded: 0)
System memory in use before: 66.0 MB.
System memory in use after: 66.1 MB.

Unloading 14 unused Assets to reduce memory usage. Loaded Objects now: 1867.
Total: 1.551100 ms (FindLiveObjects: 0.120800 ms CreateObjectMapping: 0.031300 ms MarkObjects: 1.355900 ms  DeleteObjects: 0.042400 ms)

========================================================================
Received Import Request.
  Time since last request: 259.797978 seconds.
  path: Packages/com.unity.nuget.newtonsoft-json
  artifactKey: Guid(7e7d2b05dd6ea119ce16861d56d99a82) Importer(815301076,1909f56bfc062723c751e8b465ee728b)
Start importing Packages/com.unity.nuget.newtonsoft-json using Guid(7e7d2b05dd6ea119ce16861d56d99a82) Importer(815301076,1909f56bfc062723c751e8b465ee728b)  -> (artifact id: 'fa4b8fa352b752a3e644067b33aa63ec') in 0.008584 seconds
  Import took 0.010584 seconds .

========================================================================
Received Import Request.
  Time since last request: 5.077194 seconds.
  path: Packages/com.unity.timeline
  artifactKey: Guid(a4610cf559d77b9f256416d9ccaeac55) Importer(815301076,1909f56bfc062723c751e8b465ee728b)
Start importing Packages/com.unity.timeline using Guid(a4610cf559d77b9f256416d9ccaeac55) Importer(815301076,1909f56bfc062723c751e8b465ee728b)  -> (artifact id: 'faf0c4e2b16555589375b70b30cdb036') in 0.005836 seconds
  Import took 0.008201 seconds .

========================================================================
Received Import Request.
  Time since last request: 0.545685 seconds.
  path: Packages/com.unity.ugui
  artifactKey: Guid(8f7652e09069a1943278893d4264401e) Importer(815301076,1909f56bfc062723c751e8b465ee728b)
Start importing Packages/com.unity.ugui using Guid(8f7652e09069a1943278893d4264401e) Importer(815301076,1909f56bfc062723c751e8b465ee728b)  -> (artifact id: '9be8eef517426cf4e5d1ef023f0f7cab') in 0.005757 seconds
  Import took 0.007872 seconds .

========================================================================
Received Import Request.
  Time since last request: 0.548605 seconds.
  path: Packages/com.unity.collab-proxy
  artifactKey: Guid(1adad61bfb44214ee3e887b5febc4396) Importer(815301076,1909f56bfc062723c751e8b465ee728b)
Start importing Packages/com.unity.collab-proxy using Guid(1adad61bfb44214ee3e887b5febc4396) Importer(815301076,1909f56bfc062723c751e8b465ee728b)  -> (artifact id: '7837b352734e5da8176d6703b10e0397') in 0.006238 seconds
  Import took 0.008304 seconds .

========================================================================
Received Import Request.
  Time since last request: 1.185335 seconds.
  path: Packages/com.unity.ide.vscode
  artifactKey: Guid(1c61a04a5b7737c4d16673d64be4194e) Importer(815301076,1909f56bfc062723c751e8b465ee728b)
Start importing Packages/com.unity.ide.vscode using Guid(1c61a04a5b7737c4d16673d64be4194e) Importer(815301076,1909f56bfc062723c751e8b465ee728b)  -> (artifact id: '6eb59e90e7b94b511476370c7399373e') in 0.005677 seconds
  Import took 0.007644 seconds .

========================================================================
Received Import Request.
  Time since last request: 1.845060 seconds.
  path: Packages/com.unity.ide.visualstudio
  artifactKey: Guid(9db636ca49aa246019dd93b7c8b689f4) Importer(815301076,1909f56bfc062723c751e8b465ee728b)
Start importing Packages/com.unity.ide.visualstudio using Guid(9db636ca49aa246019dd93b7c8b689f4) Importer(815301076,1909f56bfc062723c751e8b465ee728b)  -> (artifact id: '97ec95a5506f2bdeeee79941468489e5') in 0.005629 seconds
  Import took 0.007571 seconds .

========================================================================
Received Import Request.
  Time since last request: 1.164369 seconds.
  path: Packages/com.unity.ext.nunit
  artifactKey: Guid(25a477c2f24db8778a4179421a32cc21) Importer(815301076,1909f56bfc062723c751e8b465ee728b)
Start importing Packages/com.unity.ext.nunit using Guid(25a477c2f24db8778a4179421a32cc21) Importer(815301076,1909f56bfc062723c751e8b465ee728b)  -> (artifact id: 'de8b3f671dc9f0a57b867a67d4aae8de') in 0.005705 seconds
  Import took 0.007603 seconds .

========================================================================
Received Import Request.
  Time since last request: 5.944978 seconds.
  path: Packages/com.unity.ext.nunit/package.json
  artifactKey: Guid(8143d3a8390f2c64685e3bc272bd9e90) Importer(815301076,1909f56bfc062723c751e8b465ee728b)
Start importing Packages/com.unity.ext.nunit/package.json using Guid(8143d3a8390f2c64685e3bc272bd9e90) Importer(815301076,1909f56bfc062723c751e8b465ee728b)  -> (artifact id: '36f449bd9ed4a92e06d659da724da745') in 0.017264 seconds
  Import took 0.019272 seconds .

========================================================================
Received Import Request.
  Time since last request: 4.169566 seconds.
  path: Packages/com.unity.ext.nunit/README.md
  artifactKey: Guid(5da62a0c1c5218c4aa16b74546a7822d) Importer(815301076,1909f56bfc062723c751e8b465ee728b)
Start importing Packages/com.unity.ext.nunit/README.md using Guid(5da62a0c1c5218c4aa16b74546a7822d) Importer(815301076,1909f56bfc062723c751e8b465ee728b)  -> (artifact id: '289d238d1e5c4ad5e45f6d5337fd84b6') in 0.007782 seconds
  Import took 0.010032 seconds .

========================================================================
Received Prepare
Registering precompiled user dll's ...
Registered in 0.002921 seconds.
Begin MonoManager ReloadAssembly
Native extension for WindowsStandalone target not found
Refreshing native plugins compatible for Editor in 0.29 ms, found 2 plugins.
Preloading 0 native plugins for Editor in 0.00 ms.
Mono: successfully reloaded assembly
- Completed reload, in  0.734 seconds
Platform modules already initialized, skipping
Refreshing native plugins compatible for Editor in 0.29 ms, found 2 plugins.
Preloading 0 native plugins for Editor in 0.00 ms.
Unloading 1396 Unused Serialized files (Serialized files now loaded: 0)
System memory in use before: 66.0 MB.
System memory in use after: 66.1 MB.

Unloading 14 unused Assets to reduce memory usage. Loaded Objects now: 1870.
Total: 1.503400 ms (FindLiveObjects: 0.114700 ms CreateObjectMapping: 0.030800 ms MarkObjects: 1.317500 ms  DeleteObjects: 0.039700 ms)

========================================================================
Received Import Request.
  Time since last request: 8.406838 seconds.
  path: Packages/com.unity.ext.nunit/LICENSE.md
  artifactKey: Guid(f91a00d2dca52b843b2d50ccf750737d) Importer(815301076,1909f56bfc062723c751e8b465ee728b)
Start importing Packages/com.unity.ext.nunit/LICENSE.md using Guid(f91a00d2dca52b843b2d50ccf750737d) Importer(815301076,1909f56bfc062723c751e8b465ee728b)  -> (artifact id: 'd23976e48563815fb5cf4eeac998e05a') in 0.013963 seconds
  Import took 0.016116 seconds .

========================================================================
Received Import Request.
  Time since last request: 15.664383 seconds.
  path: Packages/com.unity.ext.nunit/CHANGELOG.md
  artifactKey: Guid(f49bbe06ffa5ae24abe32abdab430c24) Importer(815301076,1909f56bfc062723c751e8b465ee728b)
Start importing Packages/com.unity.ext.nunit/CHANGELOG.md using Guid(f49bbe06ffa5ae24abe32abdab430c24) Importer(815301076,1909f56bfc062723c751e8b465ee728b)  -> (artifact id: 'a5def62a4e22ecceb1e5c417d41e9913') in 0.006396 seconds
  Import took 0.008425 seconds .

========================================================================
Received Import Request.
  Time since last request: 17.354140 seconds.
  path: Packages/com.unity.test-framework
  artifactKey: Guid(6023f2b823fc19b4e4a90875281ff117) Importer(815301076,1909f56bfc062723c751e8b465ee728b)
Start importing Packages/com.unity.test-framework using Guid(6023f2b823fc19b4e4a90875281ff117) Importer(815301076,1909f56bfc062723c751e8b465ee728b)  -> (artifact id: '7b3fecfc8d873fe96244889d860a7252') in 0.005893 seconds
  Import took 0.007898 seconds .

========================================================================
Received Import Request.
  Time since last request: 0.964288 seconds.
  path: Packages/com.unity.test-framework/package.json
  artifactKey: Guid(d6a2e6e4803de7b43baacdc355fc144d) Importer(815301076,1909f56bfc062723c751e8b465ee728b)
Start importing Packages/com.unity.test-framework/package.json using Guid(d6a2e6e4803de7b43baacdc355fc144d) Importer(815301076,1909f56bfc062723c751e8b465ee728b)  -> (artifact id: 'ceca15118ea03e7ba9b0a601798f3381') in 0.006923 seconds
  Import took 0.009528 seconds .

========================================================================
Received Import Request.
  Time since last request: 0.952885 seconds.
  path: Packages/com.unity.test-framework/UnityEngine.TestRunner
  artifactKey: Guid(950890083f4907541a6ed06d70959e49) Importer(815301076,1909f56bfc062723c751e8b465ee728b)
Start importing Packages/com.unity.test-framework/UnityEngine.TestRunner using Guid(950890083f4907541a6ed06d70959e49) Importer(815301076,1909f56bfc062723c751e8b465ee728b)  -> (artifact id: 'f7c1022129e4c551f8997afcae28fe50') in 0.005818 seconds
  Import took 0.007908 seconds .

========================================================================
Received Import Request.
  Time since last request: 0.968228 seconds.
  path: Packages/com.unity.test-framework/CONTRIBUTING.md
  artifactKey: Guid(57d2ac5c7d5786e499d4794973fe0d4e) Importer(815301076,1909f56bfc062723c751e8b465ee728b)
Start importing Packages/com.unity.test-framework/CONTRIBUTING.md using Guid(57d2ac5c7d5786e499d4794973fe0d4e) Importer(815301076,1909f56bfc062723c751e8b465ee728b)  -> (artifact id: '83fd01e655c94de12cc30d7eb7f8623a') in 0.006398 seconds
  Import took 0.008412 seconds .

========================================================================
Received Import Request.
  Time since last request: 0.879363 seconds.
  path: Packages/com.unity.test-framework/LICENSE.md
  artifactKey: Guid(3ec7596410385054a9e0bc90377fbe63) Importer(815301076,1909f56bfc062723c751e8b465ee728b)
Start importing Packages/com.unity.test-framework/LICENSE.md using Guid(3ec7596410385054a9e0bc90377fbe63) Importer(815301076,1909f56bfc062723c751e8b465ee728b)  -> (artifact id: '9fa94f6cabf1cd400ac7b84a89b01616') in 0.002510 seconds
  Import took 0.004623 seconds .

========================================================================
Received Prepare
Registering precompiled user dll's ...
Registered in 0.003065 seconds.
Begin MonoManager ReloadAssembly
Native extension for WindowsStandalone target not found
Refreshing native plugins compatible for Editor in 0.30 ms, found 2 plugins.
Preloading 0 native plugins for Editor in 0.00 ms.
Mono: successfully reloaded assembly
- Completed reload, in  0.758 seconds
Platform modules already initialized, skipping
Refreshing native plugins compatible for Editor in 0.29 ms, found 2 plugins.
Preloading 0 native plugins for Editor in 0.00 ms.
Unloading 1396 Unused Serialized files (Serialized files now loaded: 0)
System memory in use before: 66.0 MB.
System memory in use after: 66.1 MB.

Unloading 14 unused Assets to reduce memory usage. Loaded Objects now: 1873.
Total: 1.569000 ms (FindLiveObjects: 0.125700 ms CreateObjectMapping: 0.031100 ms MarkObjects: 1.357700 ms  DeleteObjects: 0.053300 ms)

========================================================================
Received Prepare
Registering precompiled user dll's ...
Registered in 0.002999 seconds.
Begin MonoManager ReloadAssembly
Native extension for WindowsStandalone target not found
Refreshing native plugins compatible for Editor in 0.31 ms, found 2 plugins.
Preloading 0 native plugins for Editor in 0.00 ms.
Mono: successfully reloaded assembly
- Completed reload, in  0.773 seconds
Platform modules already initialized, skipping
Refreshing native plugins compatible for Editor in 0.30 ms, found 2 plugins.
Preloading 0 native plugins for Editor in 0.00 ms.
Unloading 1396 Unused Serialized files (Serialized files now loaded: 0)
System memory in use before: 66.1 MB.
System memory in use after: 66.1 MB.

Unloading 14 unused Assets to reduce memory usage. Loaded Objects now: 1876.
Total: 1.551600 ms (FindLiveObjects: 0.125700 ms CreateObjectMapping: 0.031000 ms MarkObjects: 1.350500 ms  DeleteObjects: 0.043500 ms)

========================================================================
Received Prepare
Registering precompiled user dll's ...
Registered in 0.003023 seconds.
Begin MonoManager ReloadAssembly
Native extension for WindowsStandalone target not found
Refreshing native plugins compatible for Editor in 0.32 ms, found 2 plugins.
Preloading 0 native plugins for Editor in 0.00 ms.
Mono: successfully reloaded assembly
- Completed reload, in  0.782 seconds
Platform modules already initialized, skipping
Refreshing native plugins compatible for Editor in 0.32 ms, found 2 plugins.
Preloading 0 native plugins for Editor in 0.00 ms.
Unloading 1396 Unused Serialized files (Serialized files now loaded: 0)
System memory in use before: 66.1 MB.
System memory in use after: 66.1 MB.

Unloading 14 unused Assets to reduce memory usage. Loaded Objects now: 1879.
Total: 1.686700 ms (FindLiveObjects: 0.166100 ms CreateObjectMapping: 0.033600 ms MarkObjects: 1.443500 ms  DeleteObjects: 0.042600 ms)

========================================================================
Received Import Request.
  Time since last request: 408.671370 seconds.
  path: Assets/Prefabs/Customer/Customer.prefab
  artifactKey: Guid(eeb81c72515f9c8458ceb2d28f0527f7) Importer(815301076,1909f56bfc062723c751e8b465ee728b)
Start importing Assets/Prefabs/Customer/Customer.prefab using Guid(eeb81c72515f9c8458ceb2d28f0527f7) Importer(815301076,1909f56bfc062723c751e8b465ee728b)  -> (artifact id: '77e2e9f0d5944e7b61d8bf98e90ca39b') in 0.078998 seconds
  Import took 0.081198 seconds .

========================================================================
Received Import Request.
  Time since last request: 8.540074 seconds.
  path: Assets/Prefabs/Customer/Customer.prefab
  artifactKey: Guid(eeb81c72515f9c8458ceb2d28f0527f7) Importer(815301076,1909f56bfc062723c751e8b465ee728b)
Start importing Assets/Prefabs/Customer/Customer.prefab using Guid(eeb81c72515f9c8458ceb2d28f0527f7) Importer(815301076,1909f56bfc062723c751e8b465ee728b)  -> (artifact id: '16bce5739537708b15e0c461ef444317') in 0.010910 seconds
  Import took 0.013559 seconds .

========================================================================
Received Import Request.
  Time since last request: 6.266002 seconds.
  path: Assets/Prefabs/Customer/Customer.prefab
  artifactKey: Guid(eeb81c72515f9c8458ceb2d28f0527f7) Importer(815301076,1909f56bfc062723c751e8b465ee728b)
Start importing Assets/Prefabs/Customer/Customer.prefab using Guid(eeb81c72515f9c8458ceb2d28f0527f7) Importer(815301076,1909f56bfc062723c751e8b465ee728b)  -> (artifact id: '3fd9f19bea56bd8da7eff593455a876b') in 0.009992 seconds
  Import took 0.012370 seconds .

========================================================================
Received Import Request.
  Time since last request: 5.050270 seconds.
  path: Assets/Prefabs/Customer/Customer.prefab
  artifactKey: Guid(eeb81c72515f9c8458ceb2d28f0527f7) Importer(815301076,1909f56bfc062723c751e8b465ee728b)
Start importing Assets/Prefabs/Customer/Customer.prefab using Guid(eeb81c72515f9c8458ceb2d28f0527f7) Importer(815301076,1909f56bfc062723c751e8b465ee728b)  -> (artifact id: 'a3f9408f0a552c7d8533a5a947936bab') in 0.008731 seconds
  Import took 0.010969 seconds .

========================================================================
Received Import Request.
  Time since last request: 7.904798 seconds.
  path: Assets/Prefabs/Customer/Customer.prefab
  artifactKey: Guid(eeb81c72515f9c8458ceb2d28f0527f7) Importer(815301076,1909f56bfc062723c751e8b465ee728b)
Start importing Assets/Prefabs/Customer/Customer.prefab using Guid(eeb81c72515f9c8458ceb2d28f0527f7) Importer(815301076,1909f56bfc062723c751e8b465ee728b)  -> (artifact id: '12c8d4596e13c737e32d720c1c5005ca') in 0.010481 seconds
  Import took 0.012864 seconds .

========================================================================
Received Import Request.
  Time since last request: 2.635788 seconds.
  path: Assets/Prefabs/Customer/Customer.prefab
  artifactKey: Guid(eeb81c72515f9c8458ceb2d28f0527f7) Importer(815301076,1909f56bfc062723c751e8b465ee728b)
Start importing Assets/Prefabs/Customer/Customer.prefab using Guid(eeb81c72515f9c8458ceb2d28f0527f7) Importer(815301076,1909f56bfc062723c751e8b465ee728b)  -> (artifact id: 'db0bc838fc4221a124e0921a31bc39ae') in 0.010258 seconds
  Import took 0.012609 seconds .

========================================================================
Received Import Request.
  Time since last request: 2.617124 seconds.
  path: Assets/Prefabs/Customer/Customer.prefab
  artifactKey: Guid(eeb81c72515f9c8458ceb2d28f0527f7) Importer(815301076,1909f56bfc062723c751e8b465ee728b)
Start importing Assets/Prefabs/Customer/Customer.prefab using Guid(eeb81c72515f9c8458ceb2d28f0527f7) Importer(815301076,1909f56bfc062723c751e8b465ee728b)  -> (artifact id: '896a40c97459d05432b6393371d095cb') in 0.010794 seconds
  Import took 0.013208 seconds .

========================================================================
Received Import Request.
  Time since last request: 13.216978 seconds.
  path: Assets/Scenes/MainMenu.unity
  artifactKey: Guid(92037ee48aa830143b9ef9aca963e796) Importer(815301076,1909f56bfc062723c751e8b465ee728b)
Start importing Assets/Scenes/MainMenu.unity using Guid(92037ee48aa830143b9ef9aca963e796) Importer(815301076,1909f56bfc062723c751e8b465ee728b)  -> (artifact id: '1255af36c417b59da6dd86b844eac15d') in 0.007917 seconds
  Import took 0.010250 seconds .

========================================================================
Received Import Request.
  Time since last request: 63.852684 seconds.
  path: Assets/Scenes/MainMenu
  artifactKey: Guid(25f796b2d71376f48bfc0c9310cec53a) Importer(815301076,1909f56bfc062723c751e8b465ee728b)
Start importing Assets/Scenes/MainMenu using Guid(25f796b2d71376f48bfc0c9310cec53a) Importer(815301076,1909f56bfc062723c751e8b465ee728b)  -> (artifact id: '65dcb428871ca2c95c6efeac5565cdc4') in 0.007402 seconds
  Import took 0.009758 seconds .

========================================================================
Received Import Request.
  Time since last request: 0.047151 seconds.
  path: Assets/Scenes/MainMenu/LightingData.asset
  artifactKey: Guid(0f24db27585aa5346a4253782c5bbd62) Importer(815301076,1909f56bfc062723c751e8b465ee728b)
Start importing Assets/Scenes/MainMenu/LightingData.asset using Guid(0f24db27585aa5346a4253782c5bbd62) Importer(815301076,1909f56bfc062723c751e8b465ee728b)  -> (artifact id: 'bf80228293953456e533b44bbad33fbf') in 0.008148 seconds
  Import took 0.010139 seconds .

========================================================================
Received Import Request.
  Time since last request: 0.000151 seconds.
  path: Assets/Scenes/MainMenu/ReflectionProbe-0.exr
  artifactKey: Guid(3b404e71743c7de4ebdf9ee40c72752b) Importer(815301076,1909f56bfc062723c751e8b465ee728b)
Start importing Assets/Scenes/MainMenu/ReflectionProbe-0.exr using Guid(3b404e71743c7de4ebdf9ee40c72752b) Importer(815301076,1909f56bfc062723c751e8b465ee728b)  -> (artifact id: '304fc4001d5bbe73cfae1d70975d4708') in 0.032231 seconds
  Import took 0.034176 seconds .

========================================================================
Received Import Request.
  Time since last request: 106.005321 seconds.
  path: Assets/UI/AShoeForYou_Icon.png
  artifactKey: Guid(cf59d2a62dfe98d4a81a61b1912f9859) Importer(815301076,1909f56bfc062723c751e8b465ee728b)
Start importing Assets/UI/AShoeForYou_Icon.png using Guid(cf59d2a62dfe98d4a81a61b1912f9859) Importer(815301076,1909f56bfc062723c751e8b465ee728b)  -> (artifact id: 'dff7989d46b8047e91f22678067cc5f0') in 0.037543 seconds
  Import took 0.039655 seconds .

========================================================================
Received Import Request.
  Time since last request: 0.000484 seconds.
  path: Assets/UI/AShoeForYou_Icon.png
  artifactKey: Guid(cf59d2a62dfe98d4a81a61b1912f9859) Importer(815301076,1909f56bfc062723c751e8b465ee728b)
Start importing Assets/UI/AShoeForYou_Icon.png using Guid(cf59d2a62dfe98d4a81a61b1912f9859) Importer(815301076,1909f56bfc062723c751e8b465ee728b)  -> (artifact id: 'dff7989d46b8047e91f22678067cc5f0') in 0.006619 seconds
  Import took 0.008743 seconds .

========================================================================
Received Prepare
Refreshing native plugins compatible for Editor in 4.36 ms, found 2 plugins.
Preloading 0 native plugins for Editor in 0.00 ms.
Unloading 12 Unused Serialized files (Serialized files now loaded: 0)
System memory in use before: 42.1 MB.
System memory in use after: 42.2 MB.

Unloading 12 unused Assets to reduce memory usage. Loaded Objects now: 1914.
Total: 6.300400 ms (FindLiveObjects: 2.058800 ms CreateObjectMapping: 0.087900 ms MarkObjects: 3.984200 ms  DeleteObjects: 0.167700 ms)

========================================================================
Received Prepare
Registering precompiled user dll's ...
Registered in 0.003051 seconds.
Begin MonoManager ReloadAssembly
Native extension for WindowsStandalone target not found
Refreshing native plugins compatible for Editor in 0.46 ms, found 2 plugins.
Preloading 0 native plugins for Editor in 0.00 ms.
Mono: successfully reloaded assembly
- Completed reload, in  0.845 seconds
Platform modules already initialized, skipping
Refreshing native plugins compatible for Editor in 0.48 ms, found 2 plugins.
Preloading 0 native plugins for Editor in 0.00 ms.
Unloading 1396 Unused Serialized files (Serialized files now loaded: 0)
System memory in use before: 69.6 MB.
System memory in use after: 69.7 MB.

Unloading 14 unused Assets to reduce memory usage. Loaded Objects now: 1917.
Total: 1.670000 ms (FindLiveObjects: 0.151400 ms CreateObjectMapping: 0.032100 ms MarkObjects: 1.439800 ms  DeleteObjects: 0.045700 ms)

========================================================================
Received Import Request.
  Time since last request: 453.244598 seconds.
  path: Assets/Scenes/Level.unity
  artifactKey: Guid(9fc0d4010bbf28b4594072e72b8655ab) Importer(815301076,1909f56bfc062723c751e8b465ee728b)
Start importing Assets/Scenes/Level.unity using Guid(9fc0d4010bbf28b4594072e72b8655ab) Importer(815301076,1909f56bfc062723c751e8b465ee728b)  -> (artifact id: 'cc9123f973aef2920b512961e0d3944f') in 0.014728 seconds
  Import took 0.016817 seconds .

========================================================================
Received Import Request.
  Time since last request: 52.971707 seconds.
  path: Assets/Scenes/MainMenu.unity
  artifactKey: Guid(92037ee48aa830143b9ef9aca963e796) Importer(815301076,1909f56bfc062723c751e8b465ee728b)
Start importing Assets/Scenes/MainMenu.unity using Guid(92037ee48aa830143b9ef9aca963e796) Importer(815301076,1909f56bfc062723c751e8b465ee728b)  -> (artifact id: '2c4bd53bf27d770c0ee0bcb1b3b4735c') in 0.006386 seconds
  Import took 0.008668 seconds .

========================================================================
Received Prepare
Registering precompiled user dll's ...
Registered in 0.002997 seconds.
Begin MonoManager ReloadAssembly
Native extension for WindowsStandalone target not found
Refreshing native plugins compatible for Editor in 0.29 ms, found 2 plugins.
Preloading 0 native plugins for Editor in 0.00 ms.
Mono: successfully reloaded assembly
- Completed reload, in  0.780 seconds
Platform modules already initialized, skipping
Refreshing native plugins compatible for Editor in 0.30 ms, found 2 plugins.
Preloading 0 native plugins for Editor in 0.00 ms.
Unloading 1396 Unused Serialized files (Serialized files now loaded: 0)
System memory in use before: 69.6 MB.
System memory in use after: 69.7 MB.

Unloading 14 unused Assets to reduce memory usage. Loaded Objects now: 1920.
Total: 1.648200 ms (FindLiveObjects: 0.145700 ms CreateObjectMapping: 0.031800 ms MarkObjects: 1.427000 ms  DeleteObjects: 0.042800 ms)

========================================================================
Received Prepare
Refreshing native plugins compatible for Editor in 3.24 ms, found 2 plugins.
Preloading 0 native plugins for Editor in 0.00 ms.
Unloading 12 Unused Serialized files (Serialized files now loaded: 0)
System memory in use before: 41.8 MB.
System memory in use after: 41.8 MB.

Unloading 12 unused Assets to reduce memory usage. Loaded Objects now: 1920.
Total: 1.610400 ms (FindLiveObjects: 0.158600 ms CreateObjectMapping: 0.031000 ms MarkObjects: 1.379100 ms  DeleteObjects: 0.040800 ms)

========================================================================
Received Prepare
Registering precompiled user dll's ...
Registered in 0.003240 seconds.
Begin MonoManager ReloadAssembly
Native extension for WindowsStandalone target not found
Refreshing native plugins compatible for Editor in 0.30 ms, found 2 plugins.
Preloading 0 native plugins for Editor in 0.00 ms.
Mono: successfully reloaded assembly
- Completed reload, in  0.767 seconds
Platform modules already initialized, skipping
Refreshing native plugins compatible for Editor in 0.40 ms, found 2 plugins.
Preloading 0 native plugins for Editor in 0.00 ms.
Unloading 1396 Unused Serialized files (Serialized files now loaded: 0)
System memory in use before: 69.6 MB.
System memory in use after: 69.7 MB.

Unloading 14 unused Assets to reduce memory usage. Loaded Objects now: 1923.
Total: 1.653900 ms (FindLiveObjects: 0.155100 ms CreateObjectMapping: 0.031300 ms MarkObjects: 1.423100 ms  DeleteObjects: 0.043300 ms)

========================================================================
Received Import Request.
  Time since last request: 242.309271 seconds.
  path: Assets/Scenes/MainMenu.unity
  artifactKey: Guid(92037ee48aa830143b9ef9aca963e796) Importer(815301076,1909f56bfc062723c751e8b465ee728b)
Start importing Assets/Scenes/MainMenu.unity using Guid(92037ee48aa830143b9ef9aca963e796) Importer(815301076,1909f56bfc062723c751e8b465ee728b)  -> (artifact id: 'a4e95e13495fbdf5b7f356ae7f09da16') in 0.011814 seconds
  Import took 0.014063 seconds .

========================================================================
Received Import Request.
  Time since last request: 2.327444 seconds.
  path: Assets/Scenes/Level.unity
  artifactKey: Guid(9fc0d4010bbf28b4594072e72b8655ab) Importer(815301076,1909f56bfc062723c751e8b465ee728b)
Start importing Assets/Scenes/Level.unity using Guid(9fc0d4010bbf28b4594072e72b8655ab) Importer(815301076,1909f56bfc062723c751e8b465ee728b)  -> (artifact id: 'b108fd8ff35a2f0f5e55a09bd59aac8a') in 0.002988 seconds
  Import took 0.005233 seconds .

========================================================================
Received Prepare
Registering precompiled user dll's ...
Registered in 0.003018 seconds.
Begin MonoManager ReloadAssembly
Native extension for WindowsStandalone target not found
Refreshing native plugins compatible for Editor in 0.34 ms, found 2 plugins.
Preloading 0 native plugins for Editor in 0.00 ms.
Mono: successfully reloaded assembly
- Completed reload, in  0.793 seconds
Platform modules already initialized, skipping
Refreshing native plugins compatible for Editor in 0.30 ms, found 2 plugins.
Preloading 0 native plugins for Editor in 0.00 ms.
Unloading 1396 Unused Serialized files (Serialized files now loaded: 0)
System memory in use before: 69.6 MB.
System memory in use after: 69.7 MB.

Unloading 14 unused Assets to reduce memory usage. Loaded Objects now: 1926.
Total: 1.588900 ms (FindLiveObjects: 0.149400 ms CreateObjectMapping: 0.030900 ms MarkObjects: 1.364500 ms  DeleteObjects: 0.043200 ms)

========================================================================
Received Prepare
Refreshing native plugins compatible for Editor in 2.72 ms, found 2 plugins.
Preloading 0 native plugins for Editor in 0.00 ms.
Unloading 12 Unused Serialized files (Serialized files now loaded: 0)
System memory in use before: 41.8 MB.
System memory in use after: 41.9 MB.

Unloading 12 unused Assets to reduce memory usage. Loaded Objects now: 1926.
Total: 1.597700 ms (FindLiveObjects: 0.158900 ms CreateObjectMapping: 0.029800 ms MarkObjects: 1.366900 ms  DeleteObjects: 0.041200 ms)

========================================================================
Received Prepare
Registering precompiled user dll's ...
Registered in 0.003617 seconds.
Begin MonoManager ReloadAssembly
Native extension for WindowsStandalone target not found
Refreshing native plugins compatible for Editor in 0.36 ms, found 2 plugins.
Preloading 0 native plugins for Editor in 0.00 ms.
Mono: successfully reloaded assembly
- Completed reload, in  0.806 seconds
Platform modules already initialized, skipping
Refreshing native plugins compatible for Editor in 0.33 ms, found 2 plugins.
Preloading 0 native plugins for Editor in 0.00 ms.
Unloading 1396 Unused Serialized files (Serialized files now loaded: 0)
System memory in use before: 69.6 MB.
System memory in use after: 69.7 MB.

Unloading 14 unused Assets to reduce memory usage. Loaded Objects now: 1929.
Total: 1.683200 ms (FindLiveObjects: 0.203100 ms CreateObjectMapping: 0.034000 ms MarkObjects: 1.399400 ms  DeleteObjects: 0.045800 ms)

========================================================================
Received Prepare
Registering precompiled user dll's ...
Registered in 0.003183 seconds.
Begin MonoManager ReloadAssembly
Native extension for WindowsStandalone target not found
Refreshing native plugins compatible for Editor in 0.33 ms, found 2 plugins.
Preloading 0 native plugins for Editor in 0.00 ms.
Mono: successfully reloaded assembly
- Completed reload, in  0.815 seconds
Platform modules already initialized, skipping
Refreshing native plugins compatible for Editor in 0.29 ms, found 2 plugins.
Preloading 0 native plugins for Editor in 0.00 ms.
Unloading 1396 Unused Serialized files (Serialized files now loaded: 0)
System memory in use before: 69.6 MB.
System memory in use after: 69.7 MB.

Unloading 14 unused Assets to reduce memory usage. Loaded Objects now: 1932.
Total: 1.683600 ms (FindLiveObjects: 0.145300 ms CreateObjectMapping: 0.037200 ms MarkObjects: 1.452300 ms  DeleteObjects: 0.047800 ms)

========================================================================
Received Prepare
Registering precompiled user dll's ...
Registered in 0.003245 seconds.
Begin MonoManager ReloadAssembly
Native extension for WindowsStandalone target not found
Refreshing native plugins compatible for Editor in 0.48 ms, found 2 plugins.
Preloading 0 native plugins for Editor in 0.00 ms.
Mono: successfully reloaded assembly
- Completed reload, in  0.772 seconds
Platform modules already initialized, skipping
Refreshing native plugins compatible for Editor in 0.32 ms, found 2 plugins.
Preloading 0 native plugins for Editor in 0.00 ms.
Unloading 1396 Unused Serialized files (Serialized files now loaded: 0)
System memory in use before: 69.7 MB.
System memory in use after: 69.7 MB.

Unloading 14 unused Assets to reduce memory usage. Loaded Objects now: 1935.
Total: 1.600600 ms (FindLiveObjects: 0.152800 ms CreateObjectMapping: 0.030700 ms MarkObjects: 1.371800 ms  DeleteObjects: 0.044500 ms)

========================================================================
Received Prepare
Refreshing native plugins compatible for Editor in 2.60 ms, found 2 plugins.
Preloading 0 native plugins for Editor in 0.00 ms.
Unloading 12 Unused Serialized files (Serialized files now loaded: 0)
System memory in use before: 41.8 MB.
System memory in use after: 41.9 MB.

Unloading 12 unused Assets to reduce memory usage. Loaded Objects now: 1935.
Total: 1.883300 ms (FindLiveObjects: 0.203600 ms CreateObjectMapping: 0.045700 ms MarkObjects: 1.582600 ms  DeleteObjects: 0.050600 ms)

========================================================================
Received Import Request.
  Time since last request: 580.936838 seconds.
  path: Assets/Scenes/Level.unity
  artifactKey: Guid(9fc0d4010bbf28b4594072e72b8655ab) Importer(815301076,1909f56bfc062723c751e8b465ee728b)
Start importing Assets/Scenes/Level.unity using Guid(9fc0d4010bbf28b4594072e72b8655ab) Importer(815301076,1909f56bfc062723c751e8b465ee728b)  -> (artifact id: 'd8877d7a973a077b1a0ce922bf09d612') in 0.015074 seconds
  Import took 0.017794 seconds .

========================================================================
Received Prepare
Registering precompiled user dll's ...
Registered in 0.004545 seconds.
Begin MonoManager ReloadAssembly
Native extension for WindowsStandalone target not found
Refreshing native plugins compatible for Editor in 0.31 ms, found 2 plugins.
Preloading 0 native plugins for Editor in 0.00 ms.
Mono: successfully reloaded assembly
- Completed reload, in  0.833 seconds
Platform modules already initialized, skipping
Refreshing native plugins compatible for Editor in 0.30 ms, found 2 plugins.
Preloading 0 native plugins for Editor in 0.00 ms.
Unloading 1396 Unused Serialized files (Serialized files now loaded: 0)
System memory in use before: 69.7 MB.
System memory in use after: 69.7 MB.

Unloading 14 unused Assets to reduce memory usage. Loaded Objects now: 1938.
Total: 1.684600 ms (FindLiveObjects: 0.145800 ms CreateObjectMapping: 0.032000 ms MarkObjects: 1.458500 ms  DeleteObjects: 0.047400 ms)

========================================================================
Received Prepare
Registering precompiled user dll's ...
Registered in 0.003596 seconds.
Begin MonoManager ReloadAssembly
Native extension for WindowsStandalone target not found
Refreshing native plugins compatible for Editor in 0.34 ms, found 2 plugins.
Preloading 0 native plugins for Editor in 0.00 ms.
Mono: successfully reloaded assembly
- Completed reload, in  0.835 seconds
Platform modules already initialized, skipping
Refreshing native plugins compatible for Editor in 0.33 ms, found 2 plugins.
Preloading 0 native plugins for Editor in 0.00 ms.
Unloading 1396 Unused Serialized files (Serialized files now loaded: 0)
System memory in use before: 69.7 MB.
System memory in use after: 69.7 MB.

Unloading 14 unused Assets to reduce memory usage. Loaded Objects now: 1941.
Total: 1.655100 ms (FindLiveObjects: 0.157600 ms CreateObjectMapping: 0.030300 ms MarkObjects: 1.417400 ms  DeleteObjects: 0.048800 ms)

========================================================================
Received Prepare
Refreshing native plugins compatible for Editor in 2.45 ms, found 2 plugins.
Preloading 0 native plugins for Editor in 0.00 ms.
Unloading 12 Unused Serialized files (Serialized files now loaded: 0)
System memory in use before: 41.8 MB.
System memory in use after: 41.9 MB.

Unloading 12 unused Assets to reduce memory usage. Loaded Objects now: 1941.
Total: 1.803100 ms (FindLiveObjects: 0.144500 ms CreateObjectMapping: 0.032000 ms MarkObjects: 1.580600 ms  DeleteObjects: 0.045400 ms)

========================================================================
Received Prepare
Refreshing native plugins compatible for Editor in 2.45 ms, found 2 plugins.
Preloading 0 native plugins for Editor in 0.00 ms.
Unloading 12 Unused Serialized files (Serialized files now loaded: 0)
System memory in use before: 41.8 MB.
System memory in use after: 41.9 MB.

Unloading 12 unused Assets to reduce memory usage. Loaded Objects now: 1941.
Total: 1.794200 ms (FindLiveObjects: 0.200700 ms CreateObjectMapping: 0.093400 ms MarkObjects: 1.456100 ms  DeleteObjects: 0.043000 ms)

========================================================================
Received Prepare
Refreshing native plugins compatible for Editor in 2.80 ms, found 2 plugins.
Preloading 0 native plugins for Editor in 0.00 ms.
Unloading 12 Unused Serialized files (Serialized files now loaded: 0)
System memory in use before: 41.8 MB.
System memory in use after: 41.9 MB.

Unloading 12 unused Assets to reduce memory usage. Loaded Objects now: 1941.
Total: 1.829800 ms (FindLiveObjects: 0.228900 ms CreateObjectMapping: 0.032000 ms MarkObjects: 1.518600 ms  DeleteObjects: 0.049300 ms)

========================================================================
Received Prepare
Registering precompiled user dll's ...
Registered in 0.004344 seconds.
Begin MonoManager ReloadAssembly
Native extension for WindowsStandalone target not found
Refreshing native plugins compatible for Editor in 0.32 ms, found 2 plugins.
Preloading 0 native plugins for Editor in 0.00 ms.
Mono: successfully reloaded assembly
- Completed reload, in  0.787 seconds
Platform modules already initialized, skipping
Refreshing native plugins compatible for Editor in 0.30 ms, found 2 plugins.
Preloading 0 native plugins for Editor in 0.00 ms.
Unloading 1396 Unused Serialized files (Serialized files now loaded: 0)
System memory in use before: 69.7 MB.
System memory in use after: 69.8 MB.

Unloading 14 unused Assets to reduce memory usage. Loaded Objects now: 1944.
Total: 1.595700 ms (FindLiveObjects: 0.145000 ms CreateObjectMapping: 0.031500 ms MarkObjects: 1.373400 ms  DeleteObjects: 0.045000 ms)

========================================================================
Received Prepare
Refreshing native plugins compatible for Editor in 2.45 ms, found 2 plugins.
Preloading 0 native plugins for Editor in 0.00 ms.
Unloading 12 Unused Serialized files (Serialized files now loaded: 0)
System memory in use before: 41.8 MB.
System memory in use after: 41.9 MB.

Unloading 12 unused Assets to reduce memory usage. Loaded Objects now: 1944.
Total: 1.611500 ms (FindLiveObjects: 0.158900 ms CreateObjectMapping: 0.029600 ms MarkObjects: 1.362900 ms  DeleteObjects: 0.059500 ms)

========================================================================
Received Prepare
Refreshing native plugins compatible for Editor in 2.63 ms, found 2 plugins.
Preloading 0 native plugins for Editor in 0.00 ms.
Unloading 12 Unused Serialized files (Serialized files now loaded: 0)
System memory in use before: 41.8 MB.
System memory in use after: 41.9 MB.

Unloading 12 unused Assets to reduce memory usage. Loaded Objects now: 1944.
Total: 1.879400 ms (FindLiveObjects: 0.161400 ms CreateObjectMapping: 0.034800 ms MarkObjects: 1.632600 ms  DeleteObjects: 0.049400 ms)

========================================================================
Received Prepare
Registering precompiled user dll's ...
Registered in 0.003718 seconds.
Begin MonoManager ReloadAssembly
Native extension for WindowsStandalone target not found
Refreshing native plugins compatible for Editor in 0.29 ms, found 2 plugins.
Preloading 0 native plugins for Editor in 0.00 ms.
Mono: successfully reloaded assembly
- Completed reload, in  0.784 seconds
Platform modules already initialized, skipping
Refreshing native plugins compatible for Editor in 0.33 ms, found 2 plugins.
Preloading 0 native plugins for Editor in 0.00 ms.
Unloading 1396 Unused Serialized files (Serialized files now loaded: 0)
System memory in use before: 69.7 MB.
System memory in use after: 69.8 MB.

Unloading 14 unused Assets to reduce memory usage. Loaded Objects now: 1947.
Total: 1.634900 ms (FindLiveObjects: 0.138600 ms CreateObjectMapping: 0.038100 ms MarkObjects: 1.406800 ms  DeleteObjects: 0.050500 ms)

========================================================================
Received Prepare
Refreshing native plugins compatible for Editor in 2.47 ms, found 2 plugins.
Preloading 0 native plugins for Editor in 0.00 ms.
Unloading 12 Unused Serialized files (Serialized files now loaded: 0)
System memory in use before: 41.8 MB.
System memory in use after: 41.9 MB.

Unloading 12 unused Assets to reduce memory usage. Loaded Objects now: 1947.
Total: 2.170500 ms (FindLiveObjects: 0.246100 ms CreateObjectMapping: 0.063600 ms MarkObjects: 1.815300 ms  DeleteObjects: 0.044600 ms)

========================================================================
Received Import Request.
  Time since last request: 563.716638 seconds.
  path: Assets/Audio/SFX.mixer
  artifactKey: Guid(22367b308f702504abbc8c6675160fc7) Importer(815301076,1909f56bfc062723c751e8b465ee728b)
Start importing Assets/Audio/SFX.mixer using Guid(22367b308f702504abbc8c6675160fc7) Importer(815301076,1909f56bfc062723c751e8b465ee728b)  -> (artifact id: '8561e0a93e19541389da73fd3a0a4c02') in 0.026438 seconds
  Import took 0.028586 seconds .

